{"/Users/michaelpottebaum/Development/node-badgers/src/display/emptyGymHash.js": {"path":"/Users/michaelpottebaum/Development/node-badgers/src/display/emptyGymHash.js","statementMap":{"0":{"start":{"line":1,"column":21},"end":{"line":55,"column":1}},"1":{"start":{"line":2,"column":22},"end":{"line":2,"column":76}},"2":{"start":{"line":3,"column":22},"end":{"line":3,"column":76}},"3":{"start":{"line":4,"column":22},"end":{"line":4,"column":76}},"4":{"start":{"line":5,"column":25},"end":{"line":5,"column":81}},"5":{"start":{"line":6,"column":30},"end":{"line":6,"column":85}},"6":{"start":{"line":7,"column":33},"end":{"line":7,"column":87}},"7":{"start":{"line":8,"column":34},"end":{"line":8,"column":88}},"8":{"start":{"line":9,"column":31},"end":{"line":9,"column":86}},"9":{"start":{"line":10,"column":28},"end":{"line":10,"column":82}},"10":{"start":{"line":11,"column":23},"end":{"line":11,"column":77}},"11":{"start":{"line":12,"column":23},"end":{"line":12,"column":77}},"12":{"start":{"line":13,"column":23},"end":{"line":13,"column":77}},"13":{"start":{"line":14,"column":21},"end":{"line":14,"column":75}},"14":{"start":{"line":15,"column":23},"end":{"line":15,"column":77}},"15":{"start":{"line":16,"column":23},"end":{"line":16,"column":77}},"16":{"start":{"line":17,"column":23},"end":{"line":17,"column":77}},"17":{"start":{"line":18,"column":25},"end":{"line":18,"column":81}},"18":{"start":{"line":19,"column":30},"end":{"line":19,"column":85}},"19":{"start":{"line":20,"column":33},"end":{"line":20,"column":87}},"20":{"start":{"line":21,"column":34},"end":{"line":21,"column":88}},"21":{"start":{"line":22,"column":31},"end":{"line":22,"column":86}},"22":{"start":{"line":23,"column":28},"end":{"line":23,"column":82}},"23":{"start":{"line":24,"column":22},"end":{"line":24,"column":76}},"24":{"start":{"line":25,"column":22},"end":{"line":25,"column":76}},"25":{"start":{"line":26,"column":22},"end":{"line":26,"column":76}},"26":{"start":{"line":28,"column":4},"end":{"line":54,"column":5}},"27":{"start":{"line":59,"column":17},"end":{"line":59,"column":31}},"28":{"start":{"line":61,"column":17},"end":{"line":61,"column":35}},"29":{"start":{"line":62,"column":18},"end":{"line":62,"column":33}},"30":{"start":{"line":67,"column":20},"end":{"line":67,"column":32}},"31":{"start":{"line":68,"column":20},"end":{"line":68,"column":21}},"32":{"start":{"line":69,"column":20},"end":{"line":69,"column":33}},"33":{"start":{"line":70,"column":20},"end":{"line":70,"column":21}}},"fnMap":{"0":{"name":"(anonymous_0)","decl":{"start":{"line":1,"column":21},"end":{"line":1,"column":22}},"loc":{"start":{"line":1,"column":27},"end":{"line":55,"column":1}},"line":1}},"branchMap":{},"s":{"0":2,"1":2,"2":2,"3":2,"4":2,"5":2,"6":2,"7":2,"8":2,"9":2,"10":2,"11":2,"12":2,"13":2,"14":2,"15":2,"16":2,"17":2,"18":2,"19":2,"20":2,"21":2,"22":2,"23":2,"24":2,"25":2,"26":2,"27":2,"28":2,"29":2,"30":2,"31":2,"32":2,"33":2},"f":{"0":2},"b":{},"_coverageSchema":"1a1c01bbd47fc00a2c39e90264f33305004495a9","hash":"e1ff8e0e2a87f8aa3eab1f3843e9554558f94074"}
,"/Users/michaelpottebaum/Development/node-badgers/src/models/game.js": {"path":"/Users/michaelpottebaum/Development/node-badgers/src/models/game.js","statementMap":{"0":{"start":{"line":3,"column":8},"end":{"line":3,"column":22}},"1":{"start":{"line":4,"column":8},"end":{"line":4,"column":25}},"2":{"start":{"line":5,"column":8},"end":{"line":5,"column":21}},"3":{"start":{"line":6,"column":8},"end":{"line":6,"column":36}},"4":{"start":{"line":10,"column":8},"end":{"line":10,"column":19}},"5":{"start":{"line":14,"column":8},"end":{"line":14,"column":25}},"6":{"start":{"line":18,"column":8},"end":{"line":18,"column":21}},"7":{"start":{"line":22,"column":8},"end":{"line":22,"column":24}}},"fnMap":{"0":{"name":"(anonymous_0)","decl":{"start":{"line":2,"column":4},"end":{"line":2,"column":5}},"loc":{"start":{"line":2,"column":28},"end":{"line":7,"column":5}},"line":2},"1":{"name":"(anonymous_1)","decl":{"start":{"line":9,"column":4},"end":{"line":9,"column":5}},"loc":{"start":{"line":9,"column":14},"end":{"line":11,"column":5}},"line":9},"2":{"name":"(anonymous_2)","decl":{"start":{"line":13,"column":4},"end":{"line":13,"column":5}},"loc":{"start":{"line":13,"column":17},"end":{"line":15,"column":5}},"line":13},"3":{"name":"(anonymous_3)","decl":{"start":{"line":17,"column":4},"end":{"line":17,"column":5}},"loc":{"start":{"line":17,"column":12},"end":{"line":19,"column":5}},"line":17},"4":{"name":"(anonymous_4)","decl":{"start":{"line":21,"column":4},"end":{"line":21,"column":5}},"loc":{"start":{"line":21,"column":15},"end":{"line":23,"column":5}},"line":21}},"branchMap":{},"s":{"0":4,"1":4,"2":4,"3":4,"4":1,"5":1,"6":1,"7":1},"f":{"0":4,"1":1,"2":1,"3":1,"4":1},"b":{},"_coverageSchema":"1a1c01bbd47fc00a2c39e90264f33305004495a9","hash":"b68e67ad32f605feabcacc7905d7d3a8b1f372f0"}
,"/Users/michaelpottebaum/Development/node-badgers/src/models/grenade.js": {"path":"/Users/michaelpottebaum/Development/node-badgers/src/models/grenade.js","statementMap":{"0":{"start":{"line":4,"column":20},"end":{"line":7,"column":1}},"1":{"start":{"line":11,"column":8},"end":{"line":11,"column":43}},"2":{"start":{"line":12,"column":8},"end":{"line":12,"column":26}},"3":{"start":{"line":13,"column":8},"end":{"line":13,"column":26}},"4":{"start":{"line":14,"column":8},"end":{"line":14,"column":31}},"5":{"start":{"line":15,"column":8},"end":{"line":15,"column":22}},"6":{"start":{"line":18,"column":12},"end":{"line":20,"column":5}},"7":{"start":{"line":19,"column":8},"end":{"line":19,"column":30}},"8":{"start":{"line":22,"column":23},"end":{"line":34,"column":5}},"9":{"start":{"line":23,"column":23},"end":{"line":23,"column":38}},"10":{"start":{"line":24,"column":8},"end":{"line":32,"column":9}},"11":{"start":{"line":25,"column":12},"end":{"line":25,"column":18}},"12":{"start":{"line":26,"column":15},"end":{"line":32,"column":9}},"13":{"start":{"line":27,"column":12},"end":{"line":27,"column":18}},"14":{"start":{"line":28,"column":15},"end":{"line":32,"column":9}},"15":{"start":{"line":29,"column":12},"end":{"line":29,"column":18}},"16":{"start":{"line":31,"column":12},"end":{"line":31,"column":18}},"17":{"start":{"line":33,"column":8},"end":{"line":33,"column":35}},"18":{"start":{"line":36,"column":12},"end":{"line":50,"column":5}},"19":{"start":{"line":37,"column":8},"end":{"line":37,"column":46}},"20":{"start":{"line":38,"column":8},"end":{"line":48,"column":9}},"21":{"start":{"line":62,"column":12},"end":{"line":62,"column":26}},"22":{"start":{"line":63,"column":8},"end":{"line":89,"column":9}},"23":{"start":{"line":65,"column":16},"end":{"line":65,"column":35}},"24":{"start":{"line":66,"column":16},"end":{"line":66,"column":22}},"25":{"start":{"line":68,"column":16},"end":{"line":68,"column":35}},"26":{"start":{"line":69,"column":16},"end":{"line":69,"column":22}},"27":{"start":{"line":71,"column":16},"end":{"line":71,"column":35}},"28":{"start":{"line":72,"column":16},"end":{"line":72,"column":22}},"29":{"start":{"line":74,"column":16},"end":{"line":74,"column":36}},"30":{"start":{"line":75,"column":16},"end":{"line":75,"column":22}},"31":{"start":{"line":77,"column":16},"end":{"line":77,"column":37}},"32":{"start":{"line":78,"column":16},"end":{"line":78,"column":22}},"33":{"start":{"line":80,"column":16},"end":{"line":80,"column":36}},"34":{"start":{"line":81,"column":16},"end":{"line":81,"column":22}},"35":{"start":{"line":83,"column":16},"end":{"line":83,"column":33}},"36":{"start":{"line":84,"column":16},"end":{"line":84,"column":38}},"37":{"start":{"line":85,"column":16},"end":{"line":85,"column":22}},"38":{"start":{"line":87,"column":16},"end":{"line":87,"column":35}},"39":{"start":{"line":88,"column":16},"end":{"line":88,"column":22}},"40":{"start":{"line":92,"column":20},"end":{"line":94,"column":5}},"41":{"start":{"line":93,"column":8},"end":{"line":93,"column":22}},"42":{"start":{"line":96,"column":21},"end":{"line":110,"column":5}},"43":{"start":{"line":97,"column":8},"end":{"line":97,"column":22}},"44":{"start":{"line":98,"column":25},"end":{"line":98,"column":41}},"45":{"start":{"line":99,"column":20},"end":{"line":99,"column":35}},"46":{"start":{"line":100,"column":21},"end":{"line":100,"column":36}},"47":{"start":{"line":101,"column":21},"end":{"line":101,"column":33}},"48":{"start":{"line":102,"column":22},"end":{"line":102,"column":24}},"49":{"start":{"line":103,"column":8},"end":{"line":105,"column":10}},"50":{"start":{"line":104,"column":12},"end":{"line":104,"column":59}},"51":{"start":{"line":104,"column":30},"end":{"line":104,"column":58}},"52":{"start":{"line":106,"column":8},"end":{"line":106,"column":52}},"53":{"start":{"line":106,"column":27},"end":{"line":106,"column":51}},"54":{"start":{"line":107,"column":8},"end":{"line":109,"column":10}},"55":{"start":{"line":108,"column":12},"end":{"line":108,"column":68}},"56":{"start":{"line":112,"column":20},"end":{"line":147,"column":5}},"57":{"start":{"line":113,"column":8},"end":{"line":113,"column":22}},"58":{"start":{"line":114,"column":25},"end":{"line":114,"column":41}},"59":{"start":{"line":115,"column":21},"end":{"line":115,"column":33}},"60":{"start":{"line":116,"column":21},"end":{"line":116,"column":33}},"61":{"start":{"line":117,"column":21},"end":{"line":117,"column":33}},"62":{"start":{"line":118,"column":21},"end":{"line":118,"column":33}},"63":{"start":{"line":119,"column":21},"end":{"line":119,"column":36}},"64":{"start":{"line":120,"column":22},"end":{"line":120,"column":24}},"65":{"start":{"line":121,"column":8},"end":{"line":121,"column":52}},"66":{"start":{"line":121,"column":27},"end":{"line":121,"column":51}},"67":{"start":{"line":122,"column":8},"end":{"line":124,"column":10}},"68":{"start":{"line":123,"column":12},"end":{"line":123,"column":60}},"69":{"start":{"line":123,"column":31},"end":{"line":123,"column":59}},"70":{"start":{"line":125,"column":8},"end":{"line":127,"column":10}},"71":{"start":{"line":126,"column":12},"end":{"line":126,"column":60}},"72":{"start":{"line":126,"column":31},"end":{"line":126,"column":59}},"73":{"start":{"line":128,"column":8},"end":{"line":130,"column":10}},"74":{"start":{"line":129,"column":12},"end":{"line":129,"column":60}},"75":{"start":{"line":129,"column":31},"end":{"line":129,"column":59}},"76":{"start":{"line":131,"column":8},"end":{"line":133,"column":10}},"77":{"start":{"line":132,"column":12},"end":{"line":132,"column":60}},"78":{"start":{"line":132,"column":31},"end":{"line":132,"column":59}},"79":{"start":{"line":134,"column":8},"end":{"line":136,"column":10}},"80":{"start":{"line":135,"column":12},"end":{"line":135,"column":60}},"81":{"start":{"line":135,"column":31},"end":{"line":135,"column":59}},"82":{"start":{"line":137,"column":33},"end":{"line":139,"column":10}},"83":{"start":{"line":138,"column":12},"end":{"line":138,"column":68}},"84":{"start":{"line":140,"column":8},"end":{"line":140,"column":53}},"85":{"start":{"line":141,"column":8},"end":{"line":146,"column":10}},"86":{"start":{"line":142,"column":12},"end":{"line":145,"column":13}},"87":{"start":{"line":149,"column":26},"end":{"line":208,"column":5}},"88":{"start":{"line":150,"column":8},"end":{"line":207,"column":9}},"89":{"start":{"line":152,"column":16},"end":{"line":154,"column":17}},"90":{"start":{"line":153,"column":20},"end":{"line":153,"column":36}},"91":{"start":{"line":155,"column":16},"end":{"line":155,"column":22}},"92":{"start":{"line":157,"column":16},"end":{"line":163,"column":17}},"93":{"start":{"line":158,"column":20},"end":{"line":158,"column":36}},"94":{"start":{"line":159,"column":23},"end":{"line":163,"column":17}},"95":{"start":{"line":160,"column":20},"end":{"line":160,"column":36}},"96":{"start":{"line":161,"column":23},"end":{"line":163,"column":17}},"97":{"start":{"line":162,"column":20},"end":{"line":162,"column":36}},"98":{"start":{"line":164,"column":16},"end":{"line":164,"column":22}},"99":{"start":{"line":166,"column":16},"end":{"line":168,"column":17}},"100":{"start":{"line":167,"column":20},"end":{"line":167,"column":36}},"101":{"start":{"line":169,"column":16},"end":{"line":169,"column":22}},"102":{"start":{"line":171,"column":16},"end":{"line":177,"column":17}},"103":{"start":{"line":172,"column":20},"end":{"line":172,"column":36}},"104":{"start":{"line":173,"column":23},"end":{"line":177,"column":17}},"105":{"start":{"line":174,"column":20},"end":{"line":174,"column":35}},"106":{"start":{"line":175,"column":23},"end":{"line":177,"column":17}},"107":{"start":{"line":176,"column":20},"end":{"line":176,"column":36}},"108":{"start":{"line":178,"column":16},"end":{"line":178,"column":22}},"109":{"start":{"line":180,"column":16},"end":{"line":182,"column":17}},"110":{"start":{"line":181,"column":20},"end":{"line":181,"column":34}},"111":{"start":{"line":183,"column":16},"end":{"line":183,"column":22}},"112":{"start":{"line":185,"column":16},"end":{"line":191,"column":17}},"113":{"start":{"line":186,"column":20},"end":{"line":186,"column":35}},"114":{"start":{"line":187,"column":23},"end":{"line":191,"column":17}},"115":{"start":{"line":188,"column":20},"end":{"line":188,"column":36}},"116":{"start":{"line":189,"column":23},"end":{"line":191,"column":17}},"117":{"start":{"line":190,"column":20},"end":{"line":190,"column":36}},"118":{"start":{"line":192,"column":16},"end":{"line":192,"column":22}},"119":{"start":{"line":194,"column":16},"end":{"line":196,"column":17}},"120":{"start":{"line":195,"column":20},"end":{"line":195,"column":35}},"121":{"start":{"line":197,"column":16},"end":{"line":197,"column":22}},"122":{"start":{"line":199,"column":16},"end":{"line":205,"column":17}},"123":{"start":{"line":200,"column":20},"end":{"line":200,"column":36}},"124":{"start":{"line":201,"column":23},"end":{"line":205,"column":17}},"125":{"start":{"line":202,"column":20},"end":{"line":202,"column":36}},"126":{"start":{"line":203,"column":23},"end":{"line":205,"column":17}},"127":{"start":{"line":204,"column":20},"end":{"line":204,"column":35}},"128":{"start":{"line":206,"column":16},"end":{"line":206,"column":22}},"129":{"start":{"line":210,"column":21},"end":{"line":238,"column":5}},"130":{"start":{"line":211,"column":8},"end":{"line":211,"column":34}},"131":{"start":{"line":212,"column":8},"end":{"line":237,"column":9}},"132":{"start":{"line":214,"column":16},"end":{"line":214,"column":30}},"133":{"start":{"line":215,"column":16},"end":{"line":215,"column":22}},"134":{"start":{"line":217,"column":16},"end":{"line":217,"column":29}},"135":{"start":{"line":218,"column":16},"end":{"line":218,"column":22}},"136":{"start":{"line":220,"column":16},"end":{"line":220,"column":33}},"137":{"start":{"line":221,"column":16},"end":{"line":221,"column":22}},"138":{"start":{"line":223,"column":16},"end":{"line":223,"column":30}},"139":{"start":{"line":224,"column":16},"end":{"line":224,"column":22}},"140":{"start":{"line":226,"column":16},"end":{"line":226,"column":32}},"141":{"start":{"line":227,"column":16},"end":{"line":227,"column":22}},"142":{"start":{"line":229,"column":16},"end":{"line":229,"column":30}},"143":{"start":{"line":230,"column":16},"end":{"line":230,"column":22}},"144":{"start":{"line":232,"column":16},"end":{"line":232,"column":32}},"145":{"start":{"line":233,"column":16},"end":{"line":233,"column":22}},"146":{"start":{"line":235,"column":16},"end":{"line":235,"column":30}},"147":{"start":{"line":236,"column":16},"end":{"line":236,"column":22}},"148":{"start":{"line":240,"column":19},"end":{"line":242,"column":5}},"149":{"start":{"line":241,"column":8},"end":{"line":241,"column":63}},"150":{"start":{"line":241,"column":18},"end":{"line":241,"column":19}},"151":{"start":{"line":241,"column":42},"end":{"line":241,"column":63}},"152":{"start":{"line":244,"column":31},"end":{"line":248,"column":5}},"153":{"start":{"line":245,"column":28},"end":{"line":245,"column":52}},"154":{"start":{"line":246,"column":8},"end":{"line":246,"column":35}},"155":{"start":{"line":247,"column":8},"end":{"line":247,"column":59}},"156":{"start":{"line":251,"column":8},"end":{"line":251,"column":62}}},"fnMap":{"0":{"name":"(anonymous_0)","decl":{"start":{"line":10,"column":4},"end":{"line":10,"column":5}},"loc":{"start":{"line":10,"column":30},"end":{"line":16,"column":5}},"line":10},"1":{"name":"(anonymous_1)","decl":{"start":{"line":18,"column":12},"end":{"line":18,"column":13}},"loc":{"start":{"line":18,"column":18},"end":{"line":20,"column":5}},"line":18},"2":{"name":"(anonymous_2)","decl":{"start":{"line":22,"column":23},"end":{"line":22,"column":24}},"loc":{"start":{"line":22,"column":44},"end":{"line":34,"column":5}},"line":22},"3":{"name":"(anonymous_3)","decl":{"start":{"line":36,"column":12},"end":{"line":36,"column":13}},"loc":{"start":{"line":36,"column":44},"end":{"line":50,"column":5}},"line":36},"4":{"name":"(anonymous_4)","decl":{"start":{"line":52,"column":4},"end":{"line":52,"column":5}},"loc":{"start":{"line":52,"column":22},"end":{"line":90,"column":5}},"line":52},"5":{"name":"(anonymous_5)","decl":{"start":{"line":92,"column":20},"end":{"line":92,"column":21}},"loc":{"start":{"line":92,"column":26},"end":{"line":94,"column":5}},"line":92},"6":{"name":"(anonymous_6)","decl":{"start":{"line":96,"column":21},"end":{"line":96,"column":22}},"loc":{"start":{"line":96,"column":27},"end":{"line":110,"column":5}},"line":96},"7":{"name":"(anonymous_7)","decl":{"start":{"line":103,"column":21},"end":{"line":103,"column":22}},"loc":{"start":{"line":103,"column":27},"end":{"line":105,"column":9}},"line":103},"8":{"name":"(anonymous_8)","decl":{"start":{"line":104,"column":24},"end":{"line":104,"column":25}},"loc":{"start":{"line":104,"column":30},"end":{"line":104,"column":58}},"line":104},"9":{"name":"(anonymous_9)","decl":{"start":{"line":106,"column":21},"end":{"line":106,"column":22}},"loc":{"start":{"line":106,"column":27},"end":{"line":106,"column":51}},"line":106},"10":{"name":"(anonymous_10)","decl":{"start":{"line":107,"column":51},"end":{"line":107,"column":52}},"loc":{"start":{"line":107,"column":56},"end":{"line":109,"column":9}},"line":107},"11":{"name":"(anonymous_11)","decl":{"start":{"line":112,"column":20},"end":{"line":112,"column":21}},"loc":{"start":{"line":112,"column":26},"end":{"line":147,"column":5}},"line":112},"12":{"name":"(anonymous_12)","decl":{"start":{"line":121,"column":21},"end":{"line":121,"column":22}},"loc":{"start":{"line":121,"column":27},"end":{"line":121,"column":51}},"line":121},"13":{"name":"(anonymous_13)","decl":{"start":{"line":122,"column":21},"end":{"line":122,"column":22}},"loc":{"start":{"line":122,"column":27},"end":{"line":124,"column":9}},"line":122},"14":{"name":"(anonymous_14)","decl":{"start":{"line":123,"column":25},"end":{"line":123,"column":26}},"loc":{"start":{"line":123,"column":31},"end":{"line":123,"column":59}},"line":123},"15":{"name":"(anonymous_15)","decl":{"start":{"line":125,"column":21},"end":{"line":125,"column":22}},"loc":{"start":{"line":125,"column":27},"end":{"line":127,"column":9}},"line":125},"16":{"name":"(anonymous_16)","decl":{"start":{"line":126,"column":25},"end":{"line":126,"column":26}},"loc":{"start":{"line":126,"column":31},"end":{"line":126,"column":59}},"line":126},"17":{"name":"(anonymous_17)","decl":{"start":{"line":128,"column":21},"end":{"line":128,"column":22}},"loc":{"start":{"line":128,"column":27},"end":{"line":130,"column":9}},"line":128},"18":{"name":"(anonymous_18)","decl":{"start":{"line":129,"column":25},"end":{"line":129,"column":26}},"loc":{"start":{"line":129,"column":31},"end":{"line":129,"column":59}},"line":129},"19":{"name":"(anonymous_19)","decl":{"start":{"line":131,"column":21},"end":{"line":131,"column":22}},"loc":{"start":{"line":131,"column":27},"end":{"line":133,"column":9}},"line":131},"20":{"name":"(anonymous_20)","decl":{"start":{"line":132,"column":25},"end":{"line":132,"column":26}},"loc":{"start":{"line":132,"column":31},"end":{"line":132,"column":59}},"line":132},"21":{"name":"(anonymous_21)","decl":{"start":{"line":134,"column":21},"end":{"line":134,"column":22}},"loc":{"start":{"line":134,"column":27},"end":{"line":136,"column":9}},"line":134},"22":{"name":"(anonymous_22)","decl":{"start":{"line":135,"column":25},"end":{"line":135,"column":26}},"loc":{"start":{"line":135,"column":31},"end":{"line":135,"column":59}},"line":135},"23":{"name":"(anonymous_23)","decl":{"start":{"line":137,"column":46},"end":{"line":137,"column":47}},"loc":{"start":{"line":137,"column":51},"end":{"line":139,"column":9}},"line":137},"24":{"name":"(anonymous_24)","decl":{"start":{"line":141,"column":67},"end":{"line":141,"column":68}},"loc":{"start":{"line":141,"column":72},"end":{"line":146,"column":9}},"line":141},"25":{"name":"(anonymous_25)","decl":{"start":{"line":149,"column":26},"end":{"line":149,"column":27}},"loc":{"start":{"line":149,"column":32},"end":{"line":208,"column":5}},"line":149},"26":{"name":"(anonymous_26)","decl":{"start":{"line":210,"column":21},"end":{"line":210,"column":22}},"loc":{"start":{"line":210,"column":27},"end":{"line":238,"column":5}},"line":210},"27":{"name":"(anonymous_27)","decl":{"start":{"line":240,"column":19},"end":{"line":240,"column":20}},"loc":{"start":{"line":240,"column":25},"end":{"line":242,"column":5}},"line":240},"28":{"name":"(anonymous_28)","decl":{"start":{"line":244,"column":31},"end":{"line":244,"column":32}},"loc":{"start":{"line":244,"column":50},"end":{"line":248,"column":5}},"line":244},"29":{"name":"(anonymous_29)","decl":{"start":{"line":250,"column":4},"end":{"line":250,"column":5}},"loc":{"start":{"line":250,"column":14},"end":{"line":252,"column":5}},"line":250}},"branchMap":{"0":{"loc":{"start":{"line":24,"column":8},"end":{"line":32,"column":9}},"type":"if","locations":[{"start":{"line":24,"column":8},"end":{"line":32,"column":9}},{"start":{"line":24,"column":8},"end":{"line":32,"column":9}}],"line":24},"1":{"loc":{"start":{"line":26,"column":15},"end":{"line":32,"column":9}},"type":"if","locations":[{"start":{"line":26,"column":15},"end":{"line":32,"column":9}},{"start":{"line":26,"column":15},"end":{"line":32,"column":9}}],"line":26},"2":{"loc":{"start":{"line":28,"column":15},"end":{"line":32,"column":9}},"type":"if","locations":[{"start":{"line":28,"column":15},"end":{"line":32,"column":9}},{"start":{"line":28,"column":15},"end":{"line":32,"column":9}}],"line":28},"3":{"loc":{"start":{"line":63,"column":8},"end":{"line":89,"column":9}},"type":"switch","locations":[{"start":{"line":64,"column":12},"end":{"line":66,"column":22}},{"start":{"line":67,"column":12},"end":{"line":69,"column":22}},{"start":{"line":70,"column":12},"end":{"line":72,"column":22}},{"start":{"line":73,"column":12},"end":{"line":75,"column":22}},{"start":{"line":76,"column":12},"end":{"line":78,"column":22}},{"start":{"line":79,"column":12},"end":{"line":81,"column":22}},{"start":{"line":82,"column":12},"end":{"line":85,"column":22}},{"start":{"line":86,"column":12},"end":{"line":88,"column":22}}],"line":63},"4":{"loc":{"start":{"line":108,"column":19},"end":{"line":108,"column":68}},"type":"binary-expr","locations":[{"start":{"line":108,"column":19},"end":{"line":108,"column":27}},{"start":{"line":108,"column":31},"end":{"line":108,"column":42}},{"start":{"line":108,"column":46},"end":{"line":108,"column":53}},{"start":{"line":108,"column":57},"end":{"line":108,"column":68}}],"line":108},"5":{"loc":{"start":{"line":138,"column":19},"end":{"line":138,"column":68}},"type":"binary-expr","locations":[{"start":{"line":138,"column":19},"end":{"line":138,"column":27}},{"start":{"line":138,"column":31},"end":{"line":138,"column":42}},{"start":{"line":138,"column":46},"end":{"line":138,"column":53}},{"start":{"line":138,"column":57},"end":{"line":138,"column":68}}],"line":138},"6":{"loc":{"start":{"line":143,"column":16},"end":{"line":144,"column":87}},"type":"binary-expr","locations":[{"start":{"line":143,"column":16},"end":{"line":143,"column":87}},{"start":{"line":144,"column":16},"end":{"line":144,"column":87}}],"line":143},"7":{"loc":{"start":{"line":143,"column":18},"end":{"line":143,"column":86}},"type":"binary-expr","locations":[{"start":{"line":143,"column":18},"end":{"line":143,"column":50}},{"start":{"line":143,"column":54},"end":{"line":143,"column":86}}],"line":143},"8":{"loc":{"start":{"line":144,"column":18},"end":{"line":144,"column":86}},"type":"binary-expr","locations":[{"start":{"line":144,"column":18},"end":{"line":144,"column":50}},{"start":{"line":144,"column":54},"end":{"line":144,"column":86}}],"line":144},"9":{"loc":{"start":{"line":150,"column":8},"end":{"line":207,"column":9}},"type":"switch","locations":[{"start":{"line":151,"column":12},"end":{"line":155,"column":22}},{"start":{"line":156,"column":12},"end":{"line":164,"column":22}},{"start":{"line":165,"column":12},"end":{"line":169,"column":22}},{"start":{"line":170,"column":12},"end":{"line":178,"column":22}},{"start":{"line":179,"column":12},"end":{"line":183,"column":22}},{"start":{"line":184,"column":12},"end":{"line":192,"column":22}},{"start":{"line":193,"column":12},"end":{"line":197,"column":22}},{"start":{"line":198,"column":12},"end":{"line":206,"column":22}}],"line":150},"10":{"loc":{"start":{"line":152,"column":16},"end":{"line":154,"column":17}},"type":"if","locations":[{"start":{"line":152,"column":16},"end":{"line":154,"column":17}},{"start":{"line":152,"column":16},"end":{"line":154,"column":17}}],"line":152},"11":{"loc":{"start":{"line":157,"column":16},"end":{"line":163,"column":17}},"type":"if","locations":[{"start":{"line":157,"column":16},"end":{"line":163,"column":17}},{"start":{"line":157,"column":16},"end":{"line":163,"column":17}}],"line":157},"12":{"loc":{"start":{"line":157,"column":19},"end":{"line":157,"column":80}},"type":"binary-expr","locations":[{"start":{"line":157,"column":19},"end":{"line":157,"column":46}},{"start":{"line":157,"column":50},"end":{"line":157,"column":80}}],"line":157},"13":{"loc":{"start":{"line":159,"column":23},"end":{"line":163,"column":17}},"type":"if","locations":[{"start":{"line":159,"column":23},"end":{"line":163,"column":17}},{"start":{"line":159,"column":23},"end":{"line":163,"column":17}}],"line":159},"14":{"loc":{"start":{"line":161,"column":23},"end":{"line":163,"column":17}},"type":"if","locations":[{"start":{"line":161,"column":23},"end":{"line":163,"column":17}},{"start":{"line":161,"column":23},"end":{"line":163,"column":17}}],"line":161},"15":{"loc":{"start":{"line":166,"column":16},"end":{"line":168,"column":17}},"type":"if","locations":[{"start":{"line":166,"column":16},"end":{"line":168,"column":17}},{"start":{"line":166,"column":16},"end":{"line":168,"column":17}}],"line":166},"16":{"loc":{"start":{"line":171,"column":16},"end":{"line":177,"column":17}},"type":"if","locations":[{"start":{"line":171,"column":16},"end":{"line":177,"column":17}},{"start":{"line":171,"column":16},"end":{"line":177,"column":17}}],"line":171},"17":{"loc":{"start":{"line":171,"column":19},"end":{"line":171,"column":78}},"type":"binary-expr","locations":[{"start":{"line":171,"column":19},"end":{"line":171,"column":45}},{"start":{"line":171,"column":49},"end":{"line":171,"column":78}}],"line":171},"18":{"loc":{"start":{"line":173,"column":23},"end":{"line":177,"column":17}},"type":"if","locations":[{"start":{"line":173,"column":23},"end":{"line":177,"column":17}},{"start":{"line":173,"column":23},"end":{"line":177,"column":17}}],"line":173},"19":{"loc":{"start":{"line":175,"column":23},"end":{"line":177,"column":17}},"type":"if","locations":[{"start":{"line":175,"column":23},"end":{"line":177,"column":17}},{"start":{"line":175,"column":23},"end":{"line":177,"column":17}}],"line":175},"20":{"loc":{"start":{"line":180,"column":16},"end":{"line":182,"column":17}},"type":"if","locations":[{"start":{"line":180,"column":16},"end":{"line":182,"column":17}},{"start":{"line":180,"column":16},"end":{"line":182,"column":17}}],"line":180},"21":{"loc":{"start":{"line":185,"column":16},"end":{"line":191,"column":17}},"type":"if","locations":[{"start":{"line":185,"column":16},"end":{"line":191,"column":17}},{"start":{"line":185,"column":16},"end":{"line":191,"column":17}}],"line":185},"22":{"loc":{"start":{"line":185,"column":19},"end":{"line":185,"column":80}},"type":"binary-expr","locations":[{"start":{"line":185,"column":19},"end":{"line":185,"column":46}},{"start":{"line":185,"column":50},"end":{"line":185,"column":80}}],"line":185},"23":{"loc":{"start":{"line":187,"column":23},"end":{"line":191,"column":17}},"type":"if","locations":[{"start":{"line":187,"column":23},"end":{"line":191,"column":17}},{"start":{"line":187,"column":23},"end":{"line":191,"column":17}}],"line":187},"24":{"loc":{"start":{"line":189,"column":23},"end":{"line":191,"column":17}},"type":"if","locations":[{"start":{"line":189,"column":23},"end":{"line":191,"column":17}},{"start":{"line":189,"column":23},"end":{"line":191,"column":17}}],"line":189},"25":{"loc":{"start":{"line":194,"column":16},"end":{"line":196,"column":17}},"type":"if","locations":[{"start":{"line":194,"column":16},"end":{"line":196,"column":17}},{"start":{"line":194,"column":16},"end":{"line":196,"column":17}}],"line":194},"26":{"loc":{"start":{"line":199,"column":16},"end":{"line":205,"column":17}},"type":"if","locations":[{"start":{"line":199,"column":16},"end":{"line":205,"column":17}},{"start":{"line":199,"column":16},"end":{"line":205,"column":17}}],"line":199},"27":{"loc":{"start":{"line":199,"column":19},"end":{"line":199,"column":80}},"type":"binary-expr","locations":[{"start":{"line":199,"column":19},"end":{"line":199,"column":46}},{"start":{"line":199,"column":50},"end":{"line":199,"column":80}}],"line":199},"28":{"loc":{"start":{"line":201,"column":23},"end":{"line":205,"column":17}},"type":"if","locations":[{"start":{"line":201,"column":23},"end":{"line":205,"column":17}},{"start":{"line":201,"column":23},"end":{"line":205,"column":17}}],"line":201},"29":{"loc":{"start":{"line":203,"column":23},"end":{"line":205,"column":17}},"type":"if","locations":[{"start":{"line":203,"column":23},"end":{"line":205,"column":17}},{"start":{"line":203,"column":23},"end":{"line":205,"column":17}}],"line":203},"30":{"loc":{"start":{"line":212,"column":8},"end":{"line":237,"column":9}},"type":"switch","locations":[{"start":{"line":213,"column":12},"end":{"line":215,"column":22}},{"start":{"line":216,"column":12},"end":{"line":218,"column":22}},{"start":{"line":219,"column":12},"end":{"line":221,"column":22}},{"start":{"line":222,"column":12},"end":{"line":224,"column":22}},{"start":{"line":225,"column":12},"end":{"line":227,"column":22}},{"start":{"line":228,"column":12},"end":{"line":230,"column":22}},{"start":{"line":231,"column":12},"end":{"line":233,"column":22}},{"start":{"line":234,"column":12},"end":{"line":236,"column":22}}],"line":212},"31":{"loc":{"start":{"line":251,"column":15},"end":{"line":251,"column":62}},"type":"binary-expr","locations":[{"start":{"line":251,"column":15},"end":{"line":251,"column":31}},{"start":{"line":251,"column":35},"end":{"line":251,"column":62}}],"line":251}},"s":{"0":1,"1":2,"2":2,"3":2,"4":2,"5":2,"6":2,"7":0,"8":2,"9":2,"10":2,"11":2,"12":0,"13":0,"14":0,"15":0,"16":0,"17":2,"18":2,"19":2,"20":2,"21":0,"22":0,"23":0,"24":0,"25":0,"26":0,"27":0,"28":0,"29":0,"30":0,"31":0,"32":0,"33":0,"34":0,"35":0,"36":0,"37":0,"38":0,"39":0,"40":2,"41":0,"42":2,"43":2,"44":2,"45":2,"46":2,"47":2,"48":2,"49":2,"50":6,"51":18,"52":2,"53":4,"54":2,"55":22,"56":2,"57":2,"58":2,"59":2,"60":2,"61":2,"62":2,"63":2,"64":2,"65":2,"66":4,"67":2,"68":4,"69":8,"70":2,"71":6,"72":12,"73":2,"74":4,"75":8,"76":2,"77":4,"78":8,"79":2,"80":4,"81":8,"82":2,"83":48,"84":2,"85":2,"86":41,"87":2,"88":6,"89":6,"90":0,"91":6,"92":0,"93":0,"94":0,"95":0,"96":0,"97":0,"98":0,"99":0,"100":0,"101":0,"102":0,"103":0,"104":0,"105":0,"106":0,"107":0,"108":0,"109":0,"110":0,"111":0,"112":0,"113":0,"114":0,"115":0,"116":0,"117":0,"118":0,"119":0,"120":0,"121":0,"122":0,"123":0,"124":0,"125":0,"126":0,"127":0,"128":0,"129":2,"130":6,"131":6,"132":6,"133":6,"134":0,"135":0,"136":0,"137":0,"138":0,"139":0,"140":0,"141":0,"142":0,"143":0,"144":0,"145":0,"146":0,"147":0,"148":2,"149":3,"150":3,"151":6,"152":2,"153":0,"154":0,"155":0,"156":0},"f":{"0":2,"1":0,"2":2,"3":2,"4":0,"5":0,"6":2,"7":6,"8":18,"9":4,"10":22,"11":2,"12":4,"13":4,"14":8,"15":6,"16":12,"17":4,"18":8,"19":4,"20":8,"21":4,"22":8,"23":48,"24":41,"25":6,"26":6,"27":3,"28":0,"29":0},"b":{"0":[2,0],"1":[0,0],"2":[0,0],"3":[0,0,0,0,0,0,0,0],"4":[22,22,22,22],"5":[48,48,41,41],"6":[41,33],"7":[41,16],"8":[33,21],"9":[6,0,0,0,0,0,0,0],"10":[0,6],"11":[0,0],"12":[0,0],"13":[0,0],"14":[0,0],"15":[0,0],"16":[0,0],"17":[0,0],"18":[0,0],"19":[0,0],"20":[0,0],"21":[0,0],"22":[0,0],"23":[0,0],"24":[0,0],"25":[0,0],"26":[0,0],"27":[0,0],"28":[0,0],"29":[0,0],"30":[6,0,0,0,0,0,0,0],"31":[0,0]},"_coverageSchema":"1a1c01bbd47fc00a2c39e90264f33305004495a9","hash":"be1e4b5aac757fb6b02b4cb98f4412c337317bc4"}
,"/Users/michaelpottebaum/Development/node-badgers/src/models/movement.js": {"path":"/Users/michaelpottebaum/Development/node-badgers/src/models/movement.js","statementMap":{"0":{"start":{"line":5,"column":8},"end":{"line":5,"column":35}},"1":{"start":{"line":9,"column":8},"end":{"line":13,"column":9}},"2":{"start":{"line":10,"column":12},"end":{"line":10,"column":37}},"3":{"start":{"line":12,"column":12},"end":{"line":12,"column":43}},"4":{"start":{"line":17,"column":8},"end":{"line":21,"column":9}},"5":{"start":{"line":18,"column":12},"end":{"line":18,"column":37}},"6":{"start":{"line":20,"column":12},"end":{"line":20,"column":43}},"7":{"start":{"line":25,"column":8},"end":{"line":29,"column":9}},"8":{"start":{"line":26,"column":12},"end":{"line":26,"column":37}},"9":{"start":{"line":28,"column":12},"end":{"line":28,"column":47}},"10":{"start":{"line":33,"column":8},"end":{"line":37,"column":9}},"11":{"start":{"line":34,"column":12},"end":{"line":34,"column":37}},"12":{"start":{"line":36,"column":12},"end":{"line":36,"column":47}},"13":{"start":{"line":41,"column":8},"end":{"line":41,"column":22}},"14":{"start":{"line":42,"column":8},"end":{"line":42,"column":27}},"15":{"start":{"line":46,"column":8},"end":{"line":46,"column":24}},"16":{"start":{"line":47,"column":8},"end":{"line":47,"column":27}},"17":{"start":{"line":51,"column":8},"end":{"line":51,"column":24}},"18":{"start":{"line":52,"column":8},"end":{"line":52,"column":26}},"19":{"start":{"line":56,"column":8},"end":{"line":56,"column":22}},"20":{"start":{"line":57,"column":8},"end":{"line":57,"column":26}}},"fnMap":{"0":{"name":"(anonymous_0)","decl":{"start":{"line":4,"column":4},"end":{"line":4,"column":5}},"loc":{"start":{"line":4,"column":22},"end":{"line":6,"column":5}},"line":4},"1":{"name":"(anonymous_1)","decl":{"start":{"line":8,"column":4},"end":{"line":8,"column":5}},"loc":{"start":{"line":8,"column":22},"end":{"line":14,"column":5}},"line":8},"2":{"name":"(anonymous_2)","decl":{"start":{"line":16,"column":4},"end":{"line":16,"column":5}},"loc":{"start":{"line":16,"column":24},"end":{"line":22,"column":5}},"line":16},"3":{"name":"(anonymous_3)","decl":{"start":{"line":24,"column":4},"end":{"line":24,"column":5}},"loc":{"start":{"line":24,"column":24},"end":{"line":30,"column":5}},"line":24},"4":{"name":"(anonymous_4)","decl":{"start":{"line":32,"column":4},"end":{"line":32,"column":5}},"loc":{"start":{"line":32,"column":25},"end":{"line":38,"column":5}},"line":32},"5":{"name":"(anonymous_5)","decl":{"start":{"line":40,"column":4},"end":{"line":40,"column":5}},"loc":{"start":{"line":40,"column":13},"end":{"line":43,"column":5}},"line":40},"6":{"name":"(anonymous_6)","decl":{"start":{"line":45,"column":4},"end":{"line":45,"column":5}},"loc":{"start":{"line":45,"column":14},"end":{"line":48,"column":5}},"line":45},"7":{"name":"(anonymous_7)","decl":{"start":{"line":50,"column":4},"end":{"line":50,"column":5}},"loc":{"start":{"line":50,"column":14},"end":{"line":53,"column":5}},"line":50},"8":{"name":"(anonymous_8)","decl":{"start":{"line":55,"column":4},"end":{"line":55,"column":5}},"loc":{"start":{"line":55,"column":14},"end":{"line":58,"column":5}},"line":55}},"branchMap":{"0":{"loc":{"start":{"line":9,"column":8},"end":{"line":13,"column":9}},"type":"if","locations":[{"start":{"line":9,"column":8},"end":{"line":13,"column":9}},{"start":{"line":9,"column":8},"end":{"line":13,"column":9}}],"line":9},"1":{"loc":{"start":{"line":17,"column":8},"end":{"line":21,"column":9}},"type":"if","locations":[{"start":{"line":17,"column":8},"end":{"line":21,"column":9}},{"start":{"line":17,"column":8},"end":{"line":21,"column":9}}],"line":17},"2":{"loc":{"start":{"line":25,"column":8},"end":{"line":29,"column":9}},"type":"if","locations":[{"start":{"line":25,"column":8},"end":{"line":29,"column":9}},{"start":{"line":25,"column":8},"end":{"line":29,"column":9}}],"line":25},"3":{"loc":{"start":{"line":33,"column":8},"end":{"line":37,"column":9}},"type":"if","locations":[{"start":{"line":33,"column":8},"end":{"line":37,"column":9}},{"start":{"line":33,"column":8},"end":{"line":37,"column":9}}],"line":33}},"s":{"0":21,"1":10,"2":1,"3":9,"4":4,"5":1,"6":3,"7":4,"8":1,"9":3,"10":4,"11":1,"12":3,"13":1,"14":1,"15":1,"16":1,"17":1,"18":1,"19":1,"20":1},"f":{"0":21,"1":10,"2":4,"3":4,"4":4,"5":1,"6":1,"7":1,"8":1},"b":{"0":[1,9],"1":[1,3],"2":[1,3],"3":[1,3]},"_coverageSchema":"1a1c01bbd47fc00a2c39e90264f33305004495a9","hash":"5e67ef93f22315c0222cff38057ac227a15a3d89"}
,"/Users/michaelpottebaum/Development/node-badgers/src/models/user.js": {"path":"/Users/michaelpottebaum/Development/node-badgers/src/models/user.js","statementMap":{"0":{"start":{"line":6,"column":8},"end":{"line":6,"column":29}},"1":{"start":{"line":7,"column":8},"end":{"line":7,"column":55}},"2":{"start":{"line":8,"column":8},"end":{"line":8,"column":59}},"3":{"start":{"line":9,"column":8},"end":{"line":9,"column":24}},"4":{"start":{"line":10,"column":8},"end":{"line":10,"column":26}},"5":{"start":{"line":11,"column":8},"end":{"line":11,"column":25}},"6":{"start":{"line":12,"column":8},"end":{"line":12,"column":24}},"7":{"start":{"line":13,"column":8},"end":{"line":13,"column":23}},"8":{"start":{"line":14,"column":8},"end":{"line":14,"column":31}},"9":{"start":{"line":18,"column":8},"end":{"line":18,"column":28}},"10":{"start":{"line":22,"column":8},"end":{"line":22,"column":25}},"11":{"start":{"line":26,"column":40},"end":{"line":28,"column":9}},"12":{"start":{"line":27,"column":12},"end":{"line":27,"column":101}},"13":{"start":{"line":27,"column":44},"end":{"line":27,"column":100}},"14":{"start":{"line":29,"column":8},"end":{"line":31,"column":9}},"15":{"start":{"line":30,"column":12},"end":{"line":30,"column":37}},"16":{"start":{"line":32,"column":8},"end":{"line":32,"column":19}},"17":{"start":{"line":36,"column":8},"end":{"line":36,"column":26}},"18":{"start":{"line":40,"column":8},"end":{"line":40,"column":55}},"19":{"start":{"line":44,"column":8},"end":{"line":44,"column":42}},"20":{"start":{"line":45,"column":8},"end":{"line":45,"column":42}},"21":{"start":{"line":46,"column":8},"end":{"line":46,"column":44}}},"fnMap":{"0":{"name":"(anonymous_0)","decl":{"start":{"line":5,"column":4},"end":{"line":5,"column":5}},"loc":{"start":{"line":5,"column":28},"end":{"line":15,"column":5}},"line":5},"1":{"name":"(anonymous_1)","decl":{"start":{"line":17,"column":4},"end":{"line":17,"column":5}},"loc":{"start":{"line":17,"column":25},"end":{"line":19,"column":5}},"line":17},"2":{"name":"(anonymous_2)","decl":{"start":{"line":21,"column":4},"end":{"line":21,"column":5}},"loc":{"start":{"line":21,"column":12},"end":{"line":23,"column":5}},"line":21},"3":{"name":"(anonymous_3)","decl":{"start":{"line":25,"column":4},"end":{"line":25,"column":5}},"loc":{"start":{"line":25,"column":27},"end":{"line":33,"column":5}},"line":25},"4":{"name":"(anonymous_4)","decl":{"start":{"line":26,"column":40},"end":{"line":26,"column":41}},"loc":{"start":{"line":26,"column":58},"end":{"line":28,"column":9}},"line":26},"5":{"name":"(anonymous_5)","decl":{"start":{"line":27,"column":39},"end":{"line":27,"column":40}},"loc":{"start":{"line":27,"column":44},"end":{"line":27,"column":100}},"line":27},"6":{"name":"(anonymous_6)","decl":{"start":{"line":35,"column":4},"end":{"line":35,"column":5}},"loc":{"start":{"line":35,"column":24},"end":{"line":37,"column":5}},"line":35},"7":{"name":"(anonymous_7)","decl":{"start":{"line":39,"column":4},"end":{"line":39,"column":5}},"loc":{"start":{"line":39,"column":40},"end":{"line":41,"column":5}},"line":39},"8":{"name":"(anonymous_8)","decl":{"start":{"line":43,"column":4},"end":{"line":43,"column":5}},"loc":{"start":{"line":43,"column":31},"end":{"line":47,"column":5}},"line":43}},"branchMap":{"0":{"loc":{"start":{"line":27,"column":44},"end":{"line":27,"column":100}},"type":"binary-expr","locations":[{"start":{"line":27,"column":44},"end":{"line":27,"column":70}},{"start":{"line":27,"column":74},"end":{"line":27,"column":100}}],"line":27},"1":{"loc":{"start":{"line":29,"column":8},"end":{"line":31,"column":9}},"type":"if","locations":[{"start":{"line":29,"column":8},"end":{"line":31,"column":9}},{"start":{"line":29,"column":8},"end":{"line":31,"column":9}}],"line":29},"2":{"loc":{"start":{"line":29,"column":11},"end":{"line":29,"column":124}},"type":"binary-expr","locations":[{"start":{"line":29,"column":11},"end":{"line":29,"column":65}},{"start":{"line":29,"column":69},"end":{"line":29,"column":124}}],"line":29}},"s":{"0":7,"1":7,"2":7,"3":7,"4":7,"5":7,"6":7,"7":7,"8":7,"9":1,"10":1,"11":2,"12":4,"13":54,"14":2,"15":1,"16":1,"17":1,"18":1,"19":1,"20":1,"21":1},"f":{"0":7,"1":1,"2":1,"3":2,"4":4,"5":54,"6":1,"7":1,"8":1},"b":{"0":[54,8],"1":[1,1],"2":[2,2]},"_coverageSchema":"1a1c01bbd47fc00a2c39e90264f33305004495a9","hash":"6bda4487a862ad0f17c948768de99cf7256a2a5a"}
}
