{"/Users/michaelpottebaum/Development/node-badgers/src/display/emptyGymHash.js": {"path":"/Users/michaelpottebaum/Development/node-badgers/src/display/emptyGymHash.js","statementMap":{"0":{"start":{"line":1,"column":21},"end":{"line":55,"column":1}},"1":{"start":{"line":2,"column":22},"end":{"line":2,"column":76}},"2":{"start":{"line":3,"column":22},"end":{"line":3,"column":76}},"3":{"start":{"line":4,"column":22},"end":{"line":4,"column":76}},"4":{"start":{"line":5,"column":25},"end":{"line":5,"column":81}},"5":{"start":{"line":6,"column":30},"end":{"line":6,"column":85}},"6":{"start":{"line":7,"column":33},"end":{"line":7,"column":87}},"7":{"start":{"line":8,"column":34},"end":{"line":8,"column":88}},"8":{"start":{"line":9,"column":31},"end":{"line":9,"column":86}},"9":{"start":{"line":10,"column":28},"end":{"line":10,"column":82}},"10":{"start":{"line":11,"column":23},"end":{"line":11,"column":77}},"11":{"start":{"line":12,"column":23},"end":{"line":12,"column":77}},"12":{"start":{"line":13,"column":23},"end":{"line":13,"column":77}},"13":{"start":{"line":14,"column":21},"end":{"line":14,"column":75}},"14":{"start":{"line":15,"column":23},"end":{"line":15,"column":77}},"15":{"start":{"line":16,"column":23},"end":{"line":16,"column":77}},"16":{"start":{"line":17,"column":23},"end":{"line":17,"column":77}},"17":{"start":{"line":18,"column":25},"end":{"line":18,"column":81}},"18":{"start":{"line":19,"column":30},"end":{"line":19,"column":85}},"19":{"start":{"line":20,"column":33},"end":{"line":20,"column":87}},"20":{"start":{"line":21,"column":34},"end":{"line":21,"column":88}},"21":{"start":{"line":22,"column":31},"end":{"line":22,"column":86}},"22":{"start":{"line":23,"column":28},"end":{"line":23,"column":82}},"23":{"start":{"line":24,"column":22},"end":{"line":24,"column":76}},"24":{"start":{"line":25,"column":22},"end":{"line":25,"column":76}},"25":{"start":{"line":26,"column":22},"end":{"line":26,"column":76}},"26":{"start":{"line":28,"column":4},"end":{"line":54,"column":5}},"27":{"start":{"line":59,"column":17},"end":{"line":59,"column":31}},"28":{"start":{"line":61,"column":17},"end":{"line":61,"column":35}},"29":{"start":{"line":62,"column":18},"end":{"line":62,"column":33}},"30":{"start":{"line":67,"column":20},"end":{"line":67,"column":32}},"31":{"start":{"line":68,"column":20},"end":{"line":68,"column":21}},"32":{"start":{"line":69,"column":20},"end":{"line":69,"column":33}},"33":{"start":{"line":70,"column":20},"end":{"line":70,"column":21}}},"fnMap":{"0":{"name":"(anonymous_0)","decl":{"start":{"line":1,"column":21},"end":{"line":1,"column":22}},"loc":{"start":{"line":1,"column":27},"end":{"line":55,"column":1}},"line":1}},"branchMap":{},"s":{"0":10,"1":20,"2":20,"3":20,"4":20,"5":20,"6":20,"7":20,"8":20,"9":20,"10":20,"11":20,"12":20,"13":20,"14":20,"15":20,"16":20,"17":20,"18":20,"19":20,"20":20,"21":20,"22":20,"23":20,"24":20,"25":20,"26":20,"27":10,"28":10,"29":10,"30":10,"31":10,"32":10,"33":10},"f":{"0":20},"b":{},"_coverageSchema":"1a1c01bbd47fc00a2c39e90264f33305004495a9","hash":"e1ff8e0e2a87f8aa3eab1f3843e9554558f94074"}
,"/Users/michaelpottebaum/Development/node-badgers/src/helpers/distanceBetween.js": {"path":"/Users/michaelpottebaum/Development/node-badgers/src/helpers/distanceBetween.js","statementMap":{"0":{"start":{"line":1,"column":32},"end":{"line":1,"column":91}},"1":{"start":{"line":1,"column":50},"end":{"line":1,"column":91}},"2":{"start":{"line":3,"column":32},"end":{"line":3,"column":97}},"3":{"start":{"line":3,"column":50},"end":{"line":3,"column":97}},"4":{"start":{"line":5,"column":31},"end":{"line":9,"column":1}},"5":{"start":{"line":6,"column":20},"end":{"line":6,"column":60}},"6":{"start":{"line":7,"column":20},"end":{"line":7,"column":60}},"7":{"start":{"line":8,"column":4},"end":{"line":8,"column":45}}},"fnMap":{"0":{"name":"(anonymous_0)","decl":{"start":{"line":1,"column":32},"end":{"line":1,"column":33}},"loc":{"start":{"line":1,"column":50},"end":{"line":1,"column":91}},"line":1},"1":{"name":"(anonymous_1)","decl":{"start":{"line":3,"column":32},"end":{"line":3,"column":33}},"loc":{"start":{"line":3,"column":50},"end":{"line":3,"column":97}},"line":3},"2":{"name":"(anonymous_2)","decl":{"start":{"line":5,"column":31},"end":{"line":5,"column":32}},"loc":{"start":{"line":5,"column":49},"end":{"line":9,"column":1}},"line":5}},"branchMap":{},"s":{"0":8,"1":11,"2":8,"3":11,"4":8,"5":2,"6":2,"7":2},"f":{"0":11,"1":11,"2":2},"b":{},"_coverageSchema":"1a1c01bbd47fc00a2c39e90264f33305004495a9","hash":"4fb7f221adcede8899fd17dc215cf134ebc5d13f"}
,"/Users/michaelpottebaum/Development/node-badgers/src/helpers/shuffle.js": {"path":"/Users/michaelpottebaum/Development/node-badgers/src/helpers/shuffle.js","statementMap":{"0":{"start":{"line":1,"column":16},"end":{"line":11,"column":1}},"1":{"start":{"line":2,"column":22},"end":{"line":2,"column":36}},"2":{"start":{"line":3,"column":4},"end":{"line":9,"column":5}},"3":{"start":{"line":4,"column":8},"end":{"line":4,"column":52}},"4":{"start":{"line":5,"column":8},"end":{"line":5,"column":23}},"5":{"start":{"line":6,"column":8},"end":{"line":6,"column":28}},"6":{"start":{"line":7,"column":8},"end":{"line":7,"column":19}},"7":{"start":{"line":8,"column":8},"end":{"line":8,"column":15}},"8":{"start":{"line":10,"column":4},"end":{"line":10,"column":15}}},"fnMap":{"0":{"name":"(anonymous_0)","decl":{"start":{"line":1,"column":16},"end":{"line":1,"column":17}},"loc":{"start":{"line":1,"column":23},"end":{"line":11,"column":1}},"line":1}},"branchMap":{},"s":{"0":7,"1":19,"2":19,"3":361,"4":361,"5":361,"6":361,"7":361,"8":19},"f":{"0":19},"b":{},"_coverageSchema":"1a1c01bbd47fc00a2c39e90264f33305004495a9","hash":"83c73de3950a96a5afb02a682c18481bb654cd45"}
,"/Users/michaelpottebaum/Development/node-badgers/src/models/badger.js": {"path":"/Users/michaelpottebaum/Development/node-badgers/src/models/badger.js","statementMap":{"0":{"start":{"line":9,"column":8},"end":{"line":9,"column":21}},"1":{"start":{"line":10,"column":8},"end":{"line":10,"column":24}},"2":{"start":{"line":11,"column":8},"end":{"line":11,"column":21}},"3":{"start":{"line":12,"column":8},"end":{"line":12,"column":25}},"4":{"start":{"line":16,"column":18},"end":{"line":16,"column":46}},"5":{"start":{"line":17,"column":18},"end":{"line":17,"column":46}},"6":{"start":{"line":19,"column":8},"end":{"line":33,"column":9}},"7":{"start":{"line":20,"column":12},"end":{"line":21,"column":42}},"8":{"start":{"line":20,"column":22},"end":{"line":20,"column":46}},"9":{"start":{"line":21,"column":17},"end":{"line":21,"column":42}},"10":{"start":{"line":22,"column":15},"end":{"line":33,"column":9}},"11":{"start":{"line":23,"column":12},"end":{"line":24,"column":41}},"12":{"start":{"line":23,"column":22},"end":{"line":23,"column":44}},"13":{"start":{"line":24,"column":17},"end":{"line":24,"column":41}},"14":{"start":{"line":25,"column":15},"end":{"line":33,"column":9}},"15":{"start":{"line":26,"column":12},"end":{"line":26,"column":57}},"16":{"start":{"line":26,"column":22},"end":{"line":26,"column":23}},"17":{"start":{"line":26,"column":43},"end":{"line":26,"column":57}},"18":{"start":{"line":27,"column":15},"end":{"line":33,"column":9}},"19":{"start":{"line":28,"column":12},"end":{"line":28,"column":57}},"20":{"start":{"line":28,"column":22},"end":{"line":28,"column":23}},"21":{"start":{"line":28,"column":43},"end":{"line":28,"column":57}},"22":{"start":{"line":29,"column":15},"end":{"line":33,"column":9}},"23":{"start":{"line":30,"column":12},"end":{"line":30,"column":56}},"24":{"start":{"line":30,"column":22},"end":{"line":30,"column":23}},"25":{"start":{"line":30,"column":43},"end":{"line":30,"column":56}},"26":{"start":{"line":32,"column":12},"end":{"line":32,"column":57}},"27":{"start":{"line":32,"column":22},"end":{"line":32,"column":23}},"28":{"start":{"line":32,"column":43},"end":{"line":32,"column":57}},"29":{"start":{"line":37,"column":8},"end":{"line":37,"column":26}},"30":{"start":{"line":41,"column":8},"end":{"line":41,"column":27}},"31":{"start":{"line":45,"column":18},"end":{"line":45,"column":48}},"32":{"start":{"line":46,"column":18},"end":{"line":46,"column":47}},"33":{"start":{"line":47,"column":8},"end":{"line":47,"column":36}},"34":{"start":{"line":50,"column":16},"end":{"line":53,"column":5}},"35":{"start":{"line":51,"column":8},"end":{"line":52,"column":106}},"36":{"start":{"line":51,"column":55},"end":{"line":51,"column":111}},"37":{"start":{"line":52,"column":49},"end":{"line":52,"column":105}}},"fnMap":{"0":{"name":"(anonymous_0)","decl":{"start":{"line":8,"column":4},"end":{"line":8,"column":5}},"loc":{"start":{"line":8,"column":22},"end":{"line":13,"column":5}},"line":8},"1":{"name":"(anonymous_1)","decl":{"start":{"line":15,"column":4},"end":{"line":15,"column":5}},"loc":{"start":{"line":15,"column":15},"end":{"line":34,"column":5}},"line":15},"2":{"name":"(anonymous_2)","decl":{"start":{"line":36,"column":4},"end":{"line":36,"column":5}},"loc":{"start":{"line":36,"column":11},"end":{"line":38,"column":5}},"line":36},"3":{"name":"(anonymous_3)","decl":{"start":{"line":40,"column":4},"end":{"line":40,"column":5}},"loc":{"start":{"line":40,"column":13},"end":{"line":42,"column":5}},"line":40},"4":{"name":"(anonymous_4)","decl":{"start":{"line":44,"column":4},"end":{"line":44,"column":5}},"loc":{"start":{"line":44,"column":23},"end":{"line":48,"column":5}},"line":44},"5":{"name":"(anonymous_5)","decl":{"start":{"line":50,"column":16},"end":{"line":50,"column":17}},"loc":{"start":{"line":50,"column":27},"end":{"line":53,"column":5}},"line":50},"6":{"name":"(anonymous_6)","decl":{"start":{"line":51,"column":50},"end":{"line":51,"column":51}},"loc":{"start":{"line":51,"column":55},"end":{"line":51,"column":111}},"line":51},"7":{"name":"(anonymous_7)","decl":{"start":{"line":52,"column":44},"end":{"line":52,"column":45}},"loc":{"start":{"line":52,"column":49},"end":{"line":52,"column":105}},"line":52}},"branchMap":{"0":{"loc":{"start":{"line":19,"column":8},"end":{"line":33,"column":9}},"type":"if","locations":[{"start":{"line":19,"column":8},"end":{"line":33,"column":9}},{"start":{"line":19,"column":8},"end":{"line":33,"column":9}}],"line":19},"1":{"loc":{"start":{"line":20,"column":12},"end":{"line":21,"column":42}},"type":"if","locations":[{"start":{"line":20,"column":12},"end":{"line":21,"column":42}},{"start":{"line":20,"column":12},"end":{"line":21,"column":42}}],"line":20},"2":{"loc":{"start":{"line":22,"column":15},"end":{"line":33,"column":9}},"type":"if","locations":[{"start":{"line":22,"column":15},"end":{"line":33,"column":9}},{"start":{"line":22,"column":15},"end":{"line":33,"column":9}}],"line":22},"3":{"loc":{"start":{"line":23,"column":12},"end":{"line":24,"column":41}},"type":"if","locations":[{"start":{"line":23,"column":12},"end":{"line":24,"column":41}},{"start":{"line":23,"column":12},"end":{"line":24,"column":41}}],"line":23},"4":{"loc":{"start":{"line":25,"column":15},"end":{"line":33,"column":9}},"type":"if","locations":[{"start":{"line":25,"column":15},"end":{"line":33,"column":9}},{"start":{"line":25,"column":15},"end":{"line":33,"column":9}}],"line":25},"5":{"loc":{"start":{"line":25,"column":18},"end":{"line":25,"column":32}},"type":"binary-expr","locations":[{"start":{"line":25,"column":18},"end":{"line":25,"column":23}},{"start":{"line":25,"column":27},"end":{"line":25,"column":32}}],"line":25},"6":{"loc":{"start":{"line":27,"column":15},"end":{"line":33,"column":9}},"type":"if","locations":[{"start":{"line":27,"column":15},"end":{"line":33,"column":9}},{"start":{"line":27,"column":15},"end":{"line":33,"column":9}}],"line":27},"7":{"loc":{"start":{"line":27,"column":18},"end":{"line":27,"column":32}},"type":"binary-expr","locations":[{"start":{"line":27,"column":18},"end":{"line":27,"column":23}},{"start":{"line":27,"column":27},"end":{"line":27,"column":32}}],"line":27},"8":{"loc":{"start":{"line":29,"column":15},"end":{"line":33,"column":9}},"type":"if","locations":[{"start":{"line":29,"column":15},"end":{"line":33,"column":9}},{"start":{"line":29,"column":15},"end":{"line":33,"column":9}}],"line":29},"9":{"loc":{"start":{"line":29,"column":18},"end":{"line":29,"column":32}},"type":"binary-expr","locations":[{"start":{"line":29,"column":18},"end":{"line":29,"column":23}},{"start":{"line":29,"column":27},"end":{"line":29,"column":32}}],"line":29},"10":{"loc":{"start":{"line":51,"column":15},"end":{"line":52,"column":106}},"type":"binary-expr","locations":[{"start":{"line":51,"column":15},"end":{"line":51,"column":112}},{"start":{"line":52,"column":8},"end":{"line":52,"column":106}}],"line":51},"11":{"loc":{"start":{"line":51,"column":55},"end":{"line":51,"column":111}},"type":"binary-expr","locations":[{"start":{"line":51,"column":55},"end":{"line":51,"column":81}},{"start":{"line":51,"column":85},"end":{"line":51,"column":111}}],"line":51},"12":{"loc":{"start":{"line":52,"column":49},"end":{"line":52,"column":105}},"type":"binary-expr","locations":[{"start":{"line":52,"column":49},"end":{"line":52,"column":75}},{"start":{"line":52,"column":79},"end":{"line":52,"column":105}}],"line":52}},"s":{"0":37,"1":37,"2":37,"3":37,"4":9,"5":9,"6":9,"7":2,"8":1,"9":1,"10":7,"11":2,"12":1,"13":1,"14":5,"15":1,"16":1,"17":2,"18":4,"19":2,"20":2,"21":4,"22":2,"23":1,"24":1,"25":2,"26":1,"27":1,"28":2,"29":1,"30":4,"31":32,"32":32,"33":32,"34":37,"35":10,"36":194,"37":55},"f":{"0":37,"1":9,"2":1,"3":4,"4":32,"5":10,"6":194,"7":55},"b":{"0":[2,7],"1":[1,1],"2":[2,5],"3":[1,1],"4":[1,4],"5":[5,3],"6":[2,2],"7":[4,2],"8":[1,1],"9":[2,2],"10":[10,10],"11":[194,10],"12":[55,14]},"_coverageSchema":"1a1c01bbd47fc00a2c39e90264f33305004495a9","hash":"0bfbffb1d4df59bd936cca655d8c37382e8dff43"}
,"/Users/michaelpottebaum/Development/node-badgers/src/models/badgers.js": {"path":"/Users/michaelpottebaum/Development/node-badgers/src/models/badgers.js","statementMap":{"0":{"start":{"line":5,"column":20},"end":{"line":26,"column":1}},"1":{"start":{"line":30,"column":8},"end":{"line":30,"column":55}},"2":{"start":{"line":33,"column":22},"end":{"line":41,"column":5}},"3":{"start":{"line":34,"column":22},"end":{"line":34,"column":63}},"4":{"start":{"line":35,"column":8},"end":{"line":40,"column":10}},"5":{"start":{"line":36,"column":27},"end":{"line":36,"column":43}},"6":{"start":{"line":37,"column":12},"end":{"line":37,"column":37}},"7":{"start":{"line":38,"column":12},"end":{"line":38,"column":31}},"8":{"start":{"line":39,"column":12},"end":{"line":39,"column":25}},"9":{"start":{"line":43,"column":14},"end":{"line":43,"column":56}},"10":{"start":{"line":43,"column":20},"end":{"line":43,"column":56}},"11":{"start":{"line":43,"column":45},"end":{"line":43,"column":55}},"12":{"start":{"line":45,"column":12},"end":{"line":45,"column":51}},"13":{"start":{"line":45,"column":18},"end":{"line":45,"column":51}},"14":{"start":{"line":45,"column":43},"end":{"line":45,"column":50}},"15":{"start":{"line":47,"column":11},"end":{"line":47,"column":65}},"16":{"start":{"line":47,"column":17},"end":{"line":47,"column":65}},"17":{"start":{"line":47,"column":42},"end":{"line":47,"column":64}},"18":{"start":{"line":49,"column":19},"end":{"line":49,"column":57}},"19":{"start":{"line":49,"column":25},"end":{"line":49,"column":57}},"20":{"start":{"line":49,"column":48},"end":{"line":49,"column":56}},"21":{"start":{"line":51,"column":16},"end":{"line":65,"column":5}},"22":{"start":{"line":52,"column":8},"end":{"line":64,"column":10}},"23":{"start":{"line":53,"column":12},"end":{"line":63,"column":13}},"24":{"start":{"line":54,"column":16},"end":{"line":54,"column":52}},"25":{"start":{"line":55,"column":16},"end":{"line":55,"column":52}},"26":{"start":{"line":56,"column":16},"end":{"line":56,"column":31}},"27":{"start":{"line":58,"column":16},"end":{"line":58,"column":28}},"28":{"start":{"line":67,"column":32},"end":{"line":69,"column":5}},"29":{"start":{"line":68,"column":8},"end":{"line":68,"column":53}},"30":{"start":{"line":68,"column":39},"end":{"line":68,"column":52}},"31":{"start":{"line":71,"column":17},"end":{"line":77,"column":5}},"32":{"start":{"line":72,"column":8},"end":{"line":76,"column":10}},"33":{"start":{"line":73,"column":12},"end":{"line":75,"column":13}},"34":{"start":{"line":74,"column":16},"end":{"line":74,"column":26}},"35":{"start":{"line":79,"column":25},"end":{"line":89,"column":5}},"36":{"start":{"line":80,"column":28},"end":{"line":80,"column":30}},"37":{"start":{"line":81,"column":8},"end":{"line":86,"column":10}},"38":{"start":{"line":82,"column":12},"end":{"line":85,"column":13}},"39":{"start":{"line":83,"column":16},"end":{"line":83,"column":31}},"40":{"start":{"line":84,"column":16},"end":{"line":84,"column":35}},"41":{"start":{"line":88,"column":8},"end":{"line":88,"column":52}}},"fnMap":{"0":{"name":"(anonymous_0)","decl":{"start":{"line":29,"column":4},"end":{"line":29,"column":5}},"loc":{"start":{"line":29,"column":28},"end":{"line":31,"column":5}},"line":29},"1":{"name":"(anonymous_1)","decl":{"start":{"line":33,"column":22},"end":{"line":33,"column":23}},"loc":{"start":{"line":33,"column":36},"end":{"line":41,"column":5}},"line":33},"2":{"name":"(anonymous_2)","decl":{"start":{"line":35,"column":25},"end":{"line":35,"column":26}},"loc":{"start":{"line":35,"column":33},"end":{"line":40,"column":9}},"line":35},"3":{"name":"(anonymous_3)","decl":{"start":{"line":43,"column":14},"end":{"line":43,"column":15}},"loc":{"start":{"line":43,"column":20},"end":{"line":43,"column":56}},"line":43},"4":{"name":"(anonymous_4)","decl":{"start":{"line":43,"column":40},"end":{"line":43,"column":41}},"loc":{"start":{"line":43,"column":45},"end":{"line":43,"column":55}},"line":43},"5":{"name":"(anonymous_5)","decl":{"start":{"line":45,"column":12},"end":{"line":45,"column":13}},"loc":{"start":{"line":45,"column":18},"end":{"line":45,"column":51}},"line":45},"6":{"name":"(anonymous_6)","decl":{"start":{"line":45,"column":38},"end":{"line":45,"column":39}},"loc":{"start":{"line":45,"column":43},"end":{"line":45,"column":50}},"line":45},"7":{"name":"(anonymous_7)","decl":{"start":{"line":47,"column":11},"end":{"line":47,"column":12}},"loc":{"start":{"line":47,"column":17},"end":{"line":47,"column":65}},"line":47},"8":{"name":"(anonymous_8)","decl":{"start":{"line":47,"column":37},"end":{"line":47,"column":38}},"loc":{"start":{"line":47,"column":42},"end":{"line":47,"column":64}},"line":47},"9":{"name":"(anonymous_9)","decl":{"start":{"line":49,"column":19},"end":{"line":49,"column":20}},"loc":{"start":{"line":49,"column":25},"end":{"line":49,"column":57}},"line":49},"10":{"name":"(anonymous_10)","decl":{"start":{"line":49,"column":43},"end":{"line":49,"column":44}},"loc":{"start":{"line":49,"column":48},"end":{"line":49,"column":56}},"line":49},"11":{"name":"(anonymous_11)","decl":{"start":{"line":51,"column":16},"end":{"line":51,"column":17}},"loc":{"start":{"line":51,"column":24},"end":{"line":65,"column":5}},"line":51},"12":{"name":"(anonymous_12)","decl":{"start":{"line":52,"column":29},"end":{"line":52,"column":30}},"loc":{"start":{"line":52,"column":34},"end":{"line":64,"column":9}},"line":52},"13":{"name":"(anonymous_13)","decl":{"start":{"line":67,"column":32},"end":{"line":67,"column":33}},"loc":{"start":{"line":67,"column":38},"end":{"line":69,"column":5}},"line":67},"14":{"name":"(anonymous_14)","decl":{"start":{"line":68,"column":34},"end":{"line":68,"column":35}},"loc":{"start":{"line":68,"column":39},"end":{"line":68,"column":52}},"line":68},"15":{"name":"(anonymous_15)","decl":{"start":{"line":71,"column":17},"end":{"line":71,"column":18}},"loc":{"start":{"line":71,"column":23},"end":{"line":77,"column":5}},"line":71},"16":{"name":"(anonymous_16)","decl":{"start":{"line":72,"column":31},"end":{"line":72,"column":32}},"loc":{"start":{"line":72,"column":36},"end":{"line":76,"column":9}},"line":72},"17":{"name":"(anonymous_17)","decl":{"start":{"line":79,"column":25},"end":{"line":79,"column":26}},"loc":{"start":{"line":79,"column":36},"end":{"line":89,"column":5}},"line":79},"18":{"name":"(anonymous_18)","decl":{"start":{"line":81,"column":31},"end":{"line":81,"column":32}},"loc":{"start":{"line":81,"column":36},"end":{"line":86,"column":9}},"line":81}},"branchMap":{"0":{"loc":{"start":{"line":47,"column":42},"end":{"line":47,"column":64}},"type":"binary-expr","locations":[{"start":{"line":47,"column":42},"end":{"line":47,"column":50}},{"start":{"line":47,"column":54},"end":{"line":47,"column":64}}],"line":47},"1":{"loc":{"start":{"line":53,"column":12},"end":{"line":63,"column":13}},"type":"if","locations":[{"start":{"line":53,"column":12},"end":{"line":63,"column":13}},{"start":{"line":53,"column":12},"end":{"line":63,"column":13}}],"line":53},"2":{"loc":{"start":{"line":73,"column":12},"end":{"line":75,"column":13}},"type":"if","locations":[{"start":{"line":73,"column":12},"end":{"line":75,"column":13}},{"start":{"line":73,"column":12},"end":{"line":75,"column":13}}],"line":73},"3":{"loc":{"start":{"line":82,"column":12},"end":{"line":85,"column":13}},"type":"if","locations":[{"start":{"line":82,"column":12},"end":{"line":85,"column":13}},{"start":{"line":82,"column":12},"end":{"line":85,"column":13}}],"line":82},"4":{"loc":{"start":{"line":88,"column":15},"end":{"line":88,"column":52}},"type":"binary-expr","locations":[{"start":{"line":88,"column":15},"end":{"line":88,"column":37}},{"start":{"line":88,"column":41},"end":{"line":88,"column":52}}],"line":88}},"s":{"0":7,"1":19,"2":19,"3":19,"4":19,"5":31,"6":31,"7":31,"8":31,"9":19,"10":37,"11":62,"12":19,"13":1,"14":2,"15":19,"16":2,"17":4,"18":19,"19":0,"20":0,"21":19,"22":1,"23":2,"24":1,"25":1,"26":1,"27":1,"28":19,"29":2,"30":4,"31":19,"32":1,"33":3,"34":1,"35":19,"36":7,"37":7,"38":8,"39":5,"40":5,"41":7},"f":{"0":19,"1":19,"2":31,"3":37,"4":62,"5":1,"6":2,"7":2,"8":4,"9":0,"10":0,"11":1,"12":2,"13":2,"14":4,"15":1,"16":3,"17":7,"18":8},"b":{"0":[4,3],"1":[1,1],"2":[1,2],"3":[5,3],"4":[7,5]},"_coverageSchema":"1a1c01bbd47fc00a2c39e90264f33305004495a9","hash":"dfadb4e20be26d32cec8215f4610e7aa9c6c4c1a"}
,"/Users/michaelpottebaum/Development/node-badgers/src/models/game.js": {"path":"/Users/michaelpottebaum/Development/node-badgers/src/models/game.js","statementMap":{"0":{"start":{"line":3,"column":8},"end":{"line":3,"column":22}},"1":{"start":{"line":4,"column":8},"end":{"line":4,"column":25}},"2":{"start":{"line":5,"column":8},"end":{"line":5,"column":21}},"3":{"start":{"line":6,"column":8},"end":{"line":6,"column":36}},"4":{"start":{"line":10,"column":8},"end":{"line":10,"column":19}},"5":{"start":{"line":14,"column":8},"end":{"line":14,"column":25}},"6":{"start":{"line":18,"column":8},"end":{"line":18,"column":21}},"7":{"start":{"line":22,"column":8},"end":{"line":22,"column":24}}},"fnMap":{"0":{"name":"(anonymous_0)","decl":{"start":{"line":2,"column":4},"end":{"line":2,"column":5}},"loc":{"start":{"line":2,"column":28},"end":{"line":7,"column":5}},"line":2},"1":{"name":"(anonymous_1)","decl":{"start":{"line":9,"column":4},"end":{"line":9,"column":5}},"loc":{"start":{"line":9,"column":14},"end":{"line":11,"column":5}},"line":9},"2":{"name":"(anonymous_2)","decl":{"start":{"line":13,"column":4},"end":{"line":13,"column":5}},"loc":{"start":{"line":13,"column":17},"end":{"line":15,"column":5}},"line":13},"3":{"name":"(anonymous_3)","decl":{"start":{"line":17,"column":4},"end":{"line":17,"column":5}},"loc":{"start":{"line":17,"column":12},"end":{"line":19,"column":5}},"line":17},"4":{"name":"(anonymous_4)","decl":{"start":{"line":21,"column":4},"end":{"line":21,"column":5}},"loc":{"start":{"line":21,"column":15},"end":{"line":23,"column":5}},"line":21}},"branchMap":{},"s":{"0":4,"1":4,"2":4,"3":4,"4":1,"5":1,"6":1,"7":1},"f":{"0":4,"1":1,"2":1,"3":1,"4":1},"b":{},"_coverageSchema":"1a1c01bbd47fc00a2c39e90264f33305004495a9","hash":"b68e67ad32f605feabcacc7905d7d3a8b1f372f0"}
,"/Users/michaelpottebaum/Development/node-badgers/src/models/grenade.js": {"path":"/Users/michaelpottebaum/Development/node-badgers/src/models/grenade.js","statementMap":{"0":{"start":{"line":4,"column":20},"end":{"line":7,"column":1}},"1":{"start":{"line":11,"column":8},"end":{"line":11,"column":43}},"2":{"start":{"line":12,"column":8},"end":{"line":12,"column":26}},"3":{"start":{"line":13,"column":8},"end":{"line":13,"column":26}},"4":{"start":{"line":14,"column":8},"end":{"line":14,"column":31}},"5":{"start":{"line":15,"column":8},"end":{"line":15,"column":22}},"6":{"start":{"line":18,"column":12},"end":{"line":20,"column":5}},"7":{"start":{"line":19,"column":8},"end":{"line":19,"column":30}},"8":{"start":{"line":22,"column":23},"end":{"line":34,"column":5}},"9":{"start":{"line":23,"column":23},"end":{"line":23,"column":38}},"10":{"start":{"line":24,"column":8},"end":{"line":32,"column":9}},"11":{"start":{"line":25,"column":12},"end":{"line":25,"column":18}},"12":{"start":{"line":26,"column":15},"end":{"line":32,"column":9}},"13":{"start":{"line":27,"column":12},"end":{"line":27,"column":18}},"14":{"start":{"line":28,"column":15},"end":{"line":32,"column":9}},"15":{"start":{"line":29,"column":12},"end":{"line":29,"column":18}},"16":{"start":{"line":31,"column":12},"end":{"line":31,"column":18}},"17":{"start":{"line":33,"column":8},"end":{"line":33,"column":35}},"18":{"start":{"line":36,"column":12},"end":{"line":50,"column":5}},"19":{"start":{"line":37,"column":8},"end":{"line":37,"column":46}},"20":{"start":{"line":38,"column":8},"end":{"line":48,"column":9}},"21":{"start":{"line":62,"column":12},"end":{"line":62,"column":26}},"22":{"start":{"line":63,"column":8},"end":{"line":89,"column":9}},"23":{"start":{"line":65,"column":16},"end":{"line":65,"column":35}},"24":{"start":{"line":66,"column":16},"end":{"line":66,"column":22}},"25":{"start":{"line":68,"column":16},"end":{"line":68,"column":35}},"26":{"start":{"line":69,"column":16},"end":{"line":69,"column":22}},"27":{"start":{"line":71,"column":16},"end":{"line":71,"column":35}},"28":{"start":{"line":72,"column":16},"end":{"line":72,"column":22}},"29":{"start":{"line":74,"column":16},"end":{"line":74,"column":36}},"30":{"start":{"line":75,"column":16},"end":{"line":75,"column":22}},"31":{"start":{"line":77,"column":16},"end":{"line":77,"column":37}},"32":{"start":{"line":78,"column":16},"end":{"line":78,"column":22}},"33":{"start":{"line":80,"column":16},"end":{"line":80,"column":36}},"34":{"start":{"line":81,"column":16},"end":{"line":81,"column":22}},"35":{"start":{"line":83,"column":16},"end":{"line":83,"column":33}},"36":{"start":{"line":84,"column":16},"end":{"line":84,"column":38}},"37":{"start":{"line":85,"column":16},"end":{"line":85,"column":22}},"38":{"start":{"line":87,"column":16},"end":{"line":87,"column":35}},"39":{"start":{"line":88,"column":16},"end":{"line":88,"column":22}},"40":{"start":{"line":92,"column":20},"end":{"line":94,"column":5}},"41":{"start":{"line":93,"column":8},"end":{"line":93,"column":22}},"42":{"start":{"line":96,"column":21},"end":{"line":110,"column":5}},"43":{"start":{"line":97,"column":8},"end":{"line":97,"column":22}},"44":{"start":{"line":98,"column":25},"end":{"line":98,"column":41}},"45":{"start":{"line":99,"column":20},"end":{"line":99,"column":35}},"46":{"start":{"line":100,"column":21},"end":{"line":100,"column":36}},"47":{"start":{"line":101,"column":21},"end":{"line":101,"column":33}},"48":{"start":{"line":102,"column":22},"end":{"line":102,"column":24}},"49":{"start":{"line":103,"column":8},"end":{"line":105,"column":10}},"50":{"start":{"line":104,"column":12},"end":{"line":104,"column":59}},"51":{"start":{"line":104,"column":30},"end":{"line":104,"column":58}},"52":{"start":{"line":106,"column":8},"end":{"line":106,"column":52}},"53":{"start":{"line":106,"column":27},"end":{"line":106,"column":51}},"54":{"start":{"line":107,"column":8},"end":{"line":109,"column":10}},"55":{"start":{"line":108,"column":12},"end":{"line":108,"column":68}},"56":{"start":{"line":112,"column":20},"end":{"line":147,"column":5}},"57":{"start":{"line":113,"column":8},"end":{"line":113,"column":22}},"58":{"start":{"line":114,"column":25},"end":{"line":114,"column":41}},"59":{"start":{"line":115,"column":21},"end":{"line":115,"column":33}},"60":{"start":{"line":116,"column":21},"end":{"line":116,"column":33}},"61":{"start":{"line":117,"column":21},"end":{"line":117,"column":33}},"62":{"start":{"line":118,"column":21},"end":{"line":118,"column":33}},"63":{"start":{"line":119,"column":21},"end":{"line":119,"column":36}},"64":{"start":{"line":120,"column":22},"end":{"line":120,"column":24}},"65":{"start":{"line":121,"column":8},"end":{"line":121,"column":52}},"66":{"start":{"line":121,"column":27},"end":{"line":121,"column":51}},"67":{"start":{"line":122,"column":8},"end":{"line":124,"column":10}},"68":{"start":{"line":123,"column":12},"end":{"line":123,"column":60}},"69":{"start":{"line":123,"column":31},"end":{"line":123,"column":59}},"70":{"start":{"line":125,"column":8},"end":{"line":127,"column":10}},"71":{"start":{"line":126,"column":12},"end":{"line":126,"column":60}},"72":{"start":{"line":126,"column":31},"end":{"line":126,"column":59}},"73":{"start":{"line":128,"column":8},"end":{"line":130,"column":10}},"74":{"start":{"line":129,"column":12},"end":{"line":129,"column":60}},"75":{"start":{"line":129,"column":31},"end":{"line":129,"column":59}},"76":{"start":{"line":131,"column":8},"end":{"line":133,"column":10}},"77":{"start":{"line":132,"column":12},"end":{"line":132,"column":60}},"78":{"start":{"line":132,"column":31},"end":{"line":132,"column":59}},"79":{"start":{"line":134,"column":8},"end":{"line":136,"column":10}},"80":{"start":{"line":135,"column":12},"end":{"line":135,"column":60}},"81":{"start":{"line":135,"column":31},"end":{"line":135,"column":59}},"82":{"start":{"line":137,"column":33},"end":{"line":139,"column":10}},"83":{"start":{"line":138,"column":12},"end":{"line":138,"column":68}},"84":{"start":{"line":140,"column":8},"end":{"line":140,"column":53}},"85":{"start":{"line":141,"column":8},"end":{"line":146,"column":10}},"86":{"start":{"line":142,"column":12},"end":{"line":145,"column":13}},"87":{"start":{"line":149,"column":26},"end":{"line":208,"column":5}},"88":{"start":{"line":150,"column":8},"end":{"line":207,"column":9}},"89":{"start":{"line":152,"column":16},"end":{"line":154,"column":17}},"90":{"start":{"line":153,"column":20},"end":{"line":153,"column":36}},"91":{"start":{"line":155,"column":16},"end":{"line":155,"column":22}},"92":{"start":{"line":157,"column":16},"end":{"line":163,"column":17}},"93":{"start":{"line":158,"column":20},"end":{"line":158,"column":36}},"94":{"start":{"line":159,"column":23},"end":{"line":163,"column":17}},"95":{"start":{"line":160,"column":20},"end":{"line":160,"column":36}},"96":{"start":{"line":161,"column":23},"end":{"line":163,"column":17}},"97":{"start":{"line":162,"column":20},"end":{"line":162,"column":36}},"98":{"start":{"line":164,"column":16},"end":{"line":164,"column":22}},"99":{"start":{"line":166,"column":16},"end":{"line":168,"column":17}},"100":{"start":{"line":167,"column":20},"end":{"line":167,"column":36}},"101":{"start":{"line":169,"column":16},"end":{"line":169,"column":22}},"102":{"start":{"line":171,"column":16},"end":{"line":177,"column":17}},"103":{"start":{"line":172,"column":20},"end":{"line":172,"column":36}},"104":{"start":{"line":173,"column":23},"end":{"line":177,"column":17}},"105":{"start":{"line":174,"column":20},"end":{"line":174,"column":35}},"106":{"start":{"line":175,"column":23},"end":{"line":177,"column":17}},"107":{"start":{"line":176,"column":20},"end":{"line":176,"column":36}},"108":{"start":{"line":178,"column":16},"end":{"line":178,"column":22}},"109":{"start":{"line":180,"column":16},"end":{"line":182,"column":17}},"110":{"start":{"line":181,"column":20},"end":{"line":181,"column":34}},"111":{"start":{"line":183,"column":16},"end":{"line":183,"column":22}},"112":{"start":{"line":185,"column":16},"end":{"line":191,"column":17}},"113":{"start":{"line":186,"column":20},"end":{"line":186,"column":35}},"114":{"start":{"line":187,"column":23},"end":{"line":191,"column":17}},"115":{"start":{"line":188,"column":20},"end":{"line":188,"column":36}},"116":{"start":{"line":189,"column":23},"end":{"line":191,"column":17}},"117":{"start":{"line":190,"column":20},"end":{"line":190,"column":36}},"118":{"start":{"line":192,"column":16},"end":{"line":192,"column":22}},"119":{"start":{"line":194,"column":16},"end":{"line":196,"column":17}},"120":{"start":{"line":195,"column":20},"end":{"line":195,"column":35}},"121":{"start":{"line":197,"column":16},"end":{"line":197,"column":22}},"122":{"start":{"line":199,"column":16},"end":{"line":205,"column":17}},"123":{"start":{"line":200,"column":20},"end":{"line":200,"column":36}},"124":{"start":{"line":201,"column":23},"end":{"line":205,"column":17}},"125":{"start":{"line":202,"column":20},"end":{"line":202,"column":36}},"126":{"start":{"line":203,"column":23},"end":{"line":205,"column":17}},"127":{"start":{"line":204,"column":20},"end":{"line":204,"column":35}},"128":{"start":{"line":206,"column":16},"end":{"line":206,"column":22}},"129":{"start":{"line":210,"column":21},"end":{"line":238,"column":5}},"130":{"start":{"line":211,"column":8},"end":{"line":211,"column":34}},"131":{"start":{"line":212,"column":8},"end":{"line":237,"column":9}},"132":{"start":{"line":214,"column":16},"end":{"line":214,"column":30}},"133":{"start":{"line":215,"column":16},"end":{"line":215,"column":22}},"134":{"start":{"line":217,"column":16},"end":{"line":217,"column":29}},"135":{"start":{"line":218,"column":16},"end":{"line":218,"column":22}},"136":{"start":{"line":220,"column":16},"end":{"line":220,"column":33}},"137":{"start":{"line":221,"column":16},"end":{"line":221,"column":22}},"138":{"start":{"line":223,"column":16},"end":{"line":223,"column":30}},"139":{"start":{"line":224,"column":16},"end":{"line":224,"column":22}},"140":{"start":{"line":226,"column":16},"end":{"line":226,"column":32}},"141":{"start":{"line":227,"column":16},"end":{"line":227,"column":22}},"142":{"start":{"line":229,"column":16},"end":{"line":229,"column":30}},"143":{"start":{"line":230,"column":16},"end":{"line":230,"column":22}},"144":{"start":{"line":232,"column":16},"end":{"line":232,"column":32}},"145":{"start":{"line":233,"column":16},"end":{"line":233,"column":22}},"146":{"start":{"line":235,"column":16},"end":{"line":235,"column":30}},"147":{"start":{"line":236,"column":16},"end":{"line":236,"column":22}},"148":{"start":{"line":240,"column":19},"end":{"line":242,"column":5}},"149":{"start":{"line":241,"column":8},"end":{"line":241,"column":63}},"150":{"start":{"line":241,"column":18},"end":{"line":241,"column":19}},"151":{"start":{"line":241,"column":42},"end":{"line":241,"column":63}},"152":{"start":{"line":244,"column":31},"end":{"line":248,"column":5}},"153":{"start":{"line":245,"column":28},"end":{"line":245,"column":52}},"154":{"start":{"line":246,"column":8},"end":{"line":246,"column":35}},"155":{"start":{"line":247,"column":8},"end":{"line":247,"column":59}},"156":{"start":{"line":251,"column":8},"end":{"line":251,"column":62}}},"fnMap":{"0":{"name":"(anonymous_0)","decl":{"start":{"line":10,"column":4},"end":{"line":10,"column":5}},"loc":{"start":{"line":10,"column":30},"end":{"line":16,"column":5}},"line":10},"1":{"name":"(anonymous_1)","decl":{"start":{"line":18,"column":12},"end":{"line":18,"column":13}},"loc":{"start":{"line":18,"column":18},"end":{"line":20,"column":5}},"line":18},"2":{"name":"(anonymous_2)","decl":{"start":{"line":22,"column":23},"end":{"line":22,"column":24}},"loc":{"start":{"line":22,"column":44},"end":{"line":34,"column":5}},"line":22},"3":{"name":"(anonymous_3)","decl":{"start":{"line":36,"column":12},"end":{"line":36,"column":13}},"loc":{"start":{"line":36,"column":44},"end":{"line":50,"column":5}},"line":36},"4":{"name":"(anonymous_4)","decl":{"start":{"line":52,"column":4},"end":{"line":52,"column":5}},"loc":{"start":{"line":52,"column":22},"end":{"line":90,"column":5}},"line":52},"5":{"name":"(anonymous_5)","decl":{"start":{"line":92,"column":20},"end":{"line":92,"column":21}},"loc":{"start":{"line":92,"column":26},"end":{"line":94,"column":5}},"line":92},"6":{"name":"(anonymous_6)","decl":{"start":{"line":96,"column":21},"end":{"line":96,"column":22}},"loc":{"start":{"line":96,"column":27},"end":{"line":110,"column":5}},"line":96},"7":{"name":"(anonymous_7)","decl":{"start":{"line":103,"column":21},"end":{"line":103,"column":22}},"loc":{"start":{"line":103,"column":27},"end":{"line":105,"column":9}},"line":103},"8":{"name":"(anonymous_8)","decl":{"start":{"line":104,"column":24},"end":{"line":104,"column":25}},"loc":{"start":{"line":104,"column":30},"end":{"line":104,"column":58}},"line":104},"9":{"name":"(anonymous_9)","decl":{"start":{"line":106,"column":21},"end":{"line":106,"column":22}},"loc":{"start":{"line":106,"column":27},"end":{"line":106,"column":51}},"line":106},"10":{"name":"(anonymous_10)","decl":{"start":{"line":107,"column":51},"end":{"line":107,"column":52}},"loc":{"start":{"line":107,"column":56},"end":{"line":109,"column":9}},"line":107},"11":{"name":"(anonymous_11)","decl":{"start":{"line":112,"column":20},"end":{"line":112,"column":21}},"loc":{"start":{"line":112,"column":26},"end":{"line":147,"column":5}},"line":112},"12":{"name":"(anonymous_12)","decl":{"start":{"line":121,"column":21},"end":{"line":121,"column":22}},"loc":{"start":{"line":121,"column":27},"end":{"line":121,"column":51}},"line":121},"13":{"name":"(anonymous_13)","decl":{"start":{"line":122,"column":21},"end":{"line":122,"column":22}},"loc":{"start":{"line":122,"column":27},"end":{"line":124,"column":9}},"line":122},"14":{"name":"(anonymous_14)","decl":{"start":{"line":123,"column":25},"end":{"line":123,"column":26}},"loc":{"start":{"line":123,"column":31},"end":{"line":123,"column":59}},"line":123},"15":{"name":"(anonymous_15)","decl":{"start":{"line":125,"column":21},"end":{"line":125,"column":22}},"loc":{"start":{"line":125,"column":27},"end":{"line":127,"column":9}},"line":125},"16":{"name":"(anonymous_16)","decl":{"start":{"line":126,"column":25},"end":{"line":126,"column":26}},"loc":{"start":{"line":126,"column":31},"end":{"line":126,"column":59}},"line":126},"17":{"name":"(anonymous_17)","decl":{"start":{"line":128,"column":21},"end":{"line":128,"column":22}},"loc":{"start":{"line":128,"column":27},"end":{"line":130,"column":9}},"line":128},"18":{"name":"(anonymous_18)","decl":{"start":{"line":129,"column":25},"end":{"line":129,"column":26}},"loc":{"start":{"line":129,"column":31},"end":{"line":129,"column":59}},"line":129},"19":{"name":"(anonymous_19)","decl":{"start":{"line":131,"column":21},"end":{"line":131,"column":22}},"loc":{"start":{"line":131,"column":27},"end":{"line":133,"column":9}},"line":131},"20":{"name":"(anonymous_20)","decl":{"start":{"line":132,"column":25},"end":{"line":132,"column":26}},"loc":{"start":{"line":132,"column":31},"end":{"line":132,"column":59}},"line":132},"21":{"name":"(anonymous_21)","decl":{"start":{"line":134,"column":21},"end":{"line":134,"column":22}},"loc":{"start":{"line":134,"column":27},"end":{"line":136,"column":9}},"line":134},"22":{"name":"(anonymous_22)","decl":{"start":{"line":135,"column":25},"end":{"line":135,"column":26}},"loc":{"start":{"line":135,"column":31},"end":{"line":135,"column":59}},"line":135},"23":{"name":"(anonymous_23)","decl":{"start":{"line":137,"column":46},"end":{"line":137,"column":47}},"loc":{"start":{"line":137,"column":51},"end":{"line":139,"column":9}},"line":137},"24":{"name":"(anonymous_24)","decl":{"start":{"line":141,"column":67},"end":{"line":141,"column":68}},"loc":{"start":{"line":141,"column":72},"end":{"line":146,"column":9}},"line":141},"25":{"name":"(anonymous_25)","decl":{"start":{"line":149,"column":26},"end":{"line":149,"column":27}},"loc":{"start":{"line":149,"column":32},"end":{"line":208,"column":5}},"line":149},"26":{"name":"(anonymous_26)","decl":{"start":{"line":210,"column":21},"end":{"line":210,"column":22}},"loc":{"start":{"line":210,"column":27},"end":{"line":238,"column":5}},"line":210},"27":{"name":"(anonymous_27)","decl":{"start":{"line":240,"column":19},"end":{"line":240,"column":20}},"loc":{"start":{"line":240,"column":25},"end":{"line":242,"column":5}},"line":240},"28":{"name":"(anonymous_28)","decl":{"start":{"line":244,"column":31},"end":{"line":244,"column":32}},"loc":{"start":{"line":244,"column":50},"end":{"line":248,"column":5}},"line":244},"29":{"name":"(anonymous_29)","decl":{"start":{"line":250,"column":4},"end":{"line":250,"column":5}},"loc":{"start":{"line":250,"column":14},"end":{"line":252,"column":5}},"line":250}},"branchMap":{"0":{"loc":{"start":{"line":24,"column":8},"end":{"line":32,"column":9}},"type":"if","locations":[{"start":{"line":24,"column":8},"end":{"line":32,"column":9}},{"start":{"line":24,"column":8},"end":{"line":32,"column":9}}],"line":24},"1":{"loc":{"start":{"line":26,"column":15},"end":{"line":32,"column":9}},"type":"if","locations":[{"start":{"line":26,"column":15},"end":{"line":32,"column":9}},{"start":{"line":26,"column":15},"end":{"line":32,"column":9}}],"line":26},"2":{"loc":{"start":{"line":28,"column":15},"end":{"line":32,"column":9}},"type":"if","locations":[{"start":{"line":28,"column":15},"end":{"line":32,"column":9}},{"start":{"line":28,"column":15},"end":{"line":32,"column":9}}],"line":28},"3":{"loc":{"start":{"line":63,"column":8},"end":{"line":89,"column":9}},"type":"switch","locations":[{"start":{"line":64,"column":12},"end":{"line":66,"column":22}},{"start":{"line":67,"column":12},"end":{"line":69,"column":22}},{"start":{"line":70,"column":12},"end":{"line":72,"column":22}},{"start":{"line":73,"column":12},"end":{"line":75,"column":22}},{"start":{"line":76,"column":12},"end":{"line":78,"column":22}},{"start":{"line":79,"column":12},"end":{"line":81,"column":22}},{"start":{"line":82,"column":12},"end":{"line":85,"column":22}},{"start":{"line":86,"column":12},"end":{"line":88,"column":22}}],"line":63},"4":{"loc":{"start":{"line":108,"column":19},"end":{"line":108,"column":68}},"type":"binary-expr","locations":[{"start":{"line":108,"column":19},"end":{"line":108,"column":27}},{"start":{"line":108,"column":31},"end":{"line":108,"column":42}},{"start":{"line":108,"column":46},"end":{"line":108,"column":53}},{"start":{"line":108,"column":57},"end":{"line":108,"column":68}}],"line":108},"5":{"loc":{"start":{"line":138,"column":19},"end":{"line":138,"column":68}},"type":"binary-expr","locations":[{"start":{"line":138,"column":19},"end":{"line":138,"column":27}},{"start":{"line":138,"column":31},"end":{"line":138,"column":42}},{"start":{"line":138,"column":46},"end":{"line":138,"column":53}},{"start":{"line":138,"column":57},"end":{"line":138,"column":68}}],"line":138},"6":{"loc":{"start":{"line":143,"column":16},"end":{"line":144,"column":87}},"type":"binary-expr","locations":[{"start":{"line":143,"column":16},"end":{"line":143,"column":87}},{"start":{"line":144,"column":16},"end":{"line":144,"column":87}}],"line":143},"7":{"loc":{"start":{"line":143,"column":18},"end":{"line":143,"column":86}},"type":"binary-expr","locations":[{"start":{"line":143,"column":18},"end":{"line":143,"column":50}},{"start":{"line":143,"column":54},"end":{"line":143,"column":86}}],"line":143},"8":{"loc":{"start":{"line":144,"column":18},"end":{"line":144,"column":86}},"type":"binary-expr","locations":[{"start":{"line":144,"column":18},"end":{"line":144,"column":50}},{"start":{"line":144,"column":54},"end":{"line":144,"column":86}}],"line":144},"9":{"loc":{"start":{"line":150,"column":8},"end":{"line":207,"column":9}},"type":"switch","locations":[{"start":{"line":151,"column":12},"end":{"line":155,"column":22}},{"start":{"line":156,"column":12},"end":{"line":164,"column":22}},{"start":{"line":165,"column":12},"end":{"line":169,"column":22}},{"start":{"line":170,"column":12},"end":{"line":178,"column":22}},{"start":{"line":179,"column":12},"end":{"line":183,"column":22}},{"start":{"line":184,"column":12},"end":{"line":192,"column":22}},{"start":{"line":193,"column":12},"end":{"line":197,"column":22}},{"start":{"line":198,"column":12},"end":{"line":206,"column":22}}],"line":150},"10":{"loc":{"start":{"line":152,"column":16},"end":{"line":154,"column":17}},"type":"if","locations":[{"start":{"line":152,"column":16},"end":{"line":154,"column":17}},{"start":{"line":152,"column":16},"end":{"line":154,"column":17}}],"line":152},"11":{"loc":{"start":{"line":157,"column":16},"end":{"line":163,"column":17}},"type":"if","locations":[{"start":{"line":157,"column":16},"end":{"line":163,"column":17}},{"start":{"line":157,"column":16},"end":{"line":163,"column":17}}],"line":157},"12":{"loc":{"start":{"line":157,"column":19},"end":{"line":157,"column":77}},"type":"binary-expr","locations":[{"start":{"line":157,"column":19},"end":{"line":157,"column":46}},{"start":{"line":157,"column":50},"end":{"line":157,"column":77}}],"line":157},"13":{"loc":{"start":{"line":159,"column":23},"end":{"line":163,"column":17}},"type":"if","locations":[{"start":{"line":159,"column":23},"end":{"line":163,"column":17}},{"start":{"line":159,"column":23},"end":{"line":163,"column":17}}],"line":159},"14":{"loc":{"start":{"line":161,"column":23},"end":{"line":163,"column":17}},"type":"if","locations":[{"start":{"line":161,"column":23},"end":{"line":163,"column":17}},{"start":{"line":161,"column":23},"end":{"line":163,"column":17}}],"line":161},"15":{"loc":{"start":{"line":166,"column":16},"end":{"line":168,"column":17}},"type":"if","locations":[{"start":{"line":166,"column":16},"end":{"line":168,"column":17}},{"start":{"line":166,"column":16},"end":{"line":168,"column":17}}],"line":166},"16":{"loc":{"start":{"line":171,"column":16},"end":{"line":177,"column":17}},"type":"if","locations":[{"start":{"line":171,"column":16},"end":{"line":177,"column":17}},{"start":{"line":171,"column":16},"end":{"line":177,"column":17}}],"line":171},"17":{"loc":{"start":{"line":171,"column":19},"end":{"line":171,"column":75}},"type":"binary-expr","locations":[{"start":{"line":171,"column":19},"end":{"line":171,"column":45}},{"start":{"line":171,"column":49},"end":{"line":171,"column":75}}],"line":171},"18":{"loc":{"start":{"line":173,"column":23},"end":{"line":177,"column":17}},"type":"if","locations":[{"start":{"line":173,"column":23},"end":{"line":177,"column":17}},{"start":{"line":173,"column":23},"end":{"line":177,"column":17}}],"line":173},"19":{"loc":{"start":{"line":175,"column":23},"end":{"line":177,"column":17}},"type":"if","locations":[{"start":{"line":175,"column":23},"end":{"line":177,"column":17}},{"start":{"line":175,"column":23},"end":{"line":177,"column":17}}],"line":175},"20":{"loc":{"start":{"line":180,"column":16},"end":{"line":182,"column":17}},"type":"if","locations":[{"start":{"line":180,"column":16},"end":{"line":182,"column":17}},{"start":{"line":180,"column":16},"end":{"line":182,"column":17}}],"line":180},"21":{"loc":{"start":{"line":185,"column":16},"end":{"line":191,"column":17}},"type":"if","locations":[{"start":{"line":185,"column":16},"end":{"line":191,"column":17}},{"start":{"line":185,"column":16},"end":{"line":191,"column":17}}],"line":185},"22":{"loc":{"start":{"line":185,"column":19},"end":{"line":185,"column":77}},"type":"binary-expr","locations":[{"start":{"line":185,"column":19},"end":{"line":185,"column":46}},{"start":{"line":185,"column":50},"end":{"line":185,"column":77}}],"line":185},"23":{"loc":{"start":{"line":187,"column":23},"end":{"line":191,"column":17}},"type":"if","locations":[{"start":{"line":187,"column":23},"end":{"line":191,"column":17}},{"start":{"line":187,"column":23},"end":{"line":191,"column":17}}],"line":187},"24":{"loc":{"start":{"line":189,"column":23},"end":{"line":191,"column":17}},"type":"if","locations":[{"start":{"line":189,"column":23},"end":{"line":191,"column":17}},{"start":{"line":189,"column":23},"end":{"line":191,"column":17}}],"line":189},"25":{"loc":{"start":{"line":194,"column":16},"end":{"line":196,"column":17}},"type":"if","locations":[{"start":{"line":194,"column":16},"end":{"line":196,"column":17}},{"start":{"line":194,"column":16},"end":{"line":196,"column":17}}],"line":194},"26":{"loc":{"start":{"line":199,"column":16},"end":{"line":205,"column":17}},"type":"if","locations":[{"start":{"line":199,"column":16},"end":{"line":205,"column":17}},{"start":{"line":199,"column":16},"end":{"line":205,"column":17}}],"line":199},"27":{"loc":{"start":{"line":199,"column":19},"end":{"line":199,"column":77}},"type":"binary-expr","locations":[{"start":{"line":199,"column":19},"end":{"line":199,"column":46}},{"start":{"line":199,"column":50},"end":{"line":199,"column":77}}],"line":199},"28":{"loc":{"start":{"line":201,"column":23},"end":{"line":205,"column":17}},"type":"if","locations":[{"start":{"line":201,"column":23},"end":{"line":205,"column":17}},{"start":{"line":201,"column":23},"end":{"line":205,"column":17}}],"line":201},"29":{"loc":{"start":{"line":203,"column":23},"end":{"line":205,"column":17}},"type":"if","locations":[{"start":{"line":203,"column":23},"end":{"line":205,"column":17}},{"start":{"line":203,"column":23},"end":{"line":205,"column":17}}],"line":203},"30":{"loc":{"start":{"line":212,"column":8},"end":{"line":237,"column":9}},"type":"switch","locations":[{"start":{"line":213,"column":12},"end":{"line":215,"column":22}},{"start":{"line":216,"column":12},"end":{"line":218,"column":22}},{"start":{"line":219,"column":12},"end":{"line":221,"column":22}},{"start":{"line":222,"column":12},"end":{"line":224,"column":22}},{"start":{"line":225,"column":12},"end":{"line":227,"column":22}},{"start":{"line":228,"column":12},"end":{"line":230,"column":22}},{"start":{"line":231,"column":12},"end":{"line":233,"column":22}},{"start":{"line":234,"column":12},"end":{"line":236,"column":22}}],"line":212},"31":{"loc":{"start":{"line":251,"column":15},"end":{"line":251,"column":62}},"type":"binary-expr","locations":[{"start":{"line":251,"column":15},"end":{"line":251,"column":31}},{"start":{"line":251,"column":35},"end":{"line":251,"column":62}}],"line":251}},"s":{"0":7,"1":29,"2":29,"3":29,"4":29,"5":29,"6":29,"7":11,"8":29,"9":40,"10":40,"11":23,"12":17,"13":11,"14":6,"15":3,"16":3,"17":40,"18":29,"19":12,"20":12,"21":15,"22":15,"23":2,"24":2,"25":2,"26":2,"27":2,"28":2,"29":2,"30":2,"31":2,"32":2,"33":2,"34":2,"35":1,"36":1,"37":1,"38":1,"39":1,"40":29,"41":2,"42":29,"43":16,"44":16,"45":16,"46":16,"47":16,"48":16,"49":16,"50":48,"51":144,"52":16,"53":32,"54":16,"55":176,"56":29,"57":14,"58":14,"59":14,"60":14,"61":14,"62":14,"63":14,"64":14,"65":14,"66":28,"67":14,"68":28,"69":56,"70":14,"71":42,"72":84,"73":14,"74":28,"75":56,"76":14,"77":28,"78":56,"79":14,"80":28,"81":56,"82":14,"83":336,"84":14,"85":14,"86":272,"87":29,"88":45,"89":23,"90":1,"91":23,"92":4,"93":1,"94":3,"95":1,"96":2,"97":1,"98":4,"99":2,"100":1,"101":2,"102":4,"103":1,"104":3,"105":1,"106":2,"107":1,"108":4,"109":2,"110":1,"111":2,"112":4,"113":1,"114":3,"115":1,"116":2,"117":1,"118":4,"119":2,"120":1,"121":2,"122":4,"123":1,"124":3,"125":1,"126":2,"127":1,"128":4,"129":29,"130":29,"131":29,"132":22,"133":22,"134":1,"135":1,"136":1,"137":1,"138":1,"139":1,"140":1,"141":1,"142":1,"143":1,"144":1,"145":1,"146":1,"147":1,"148":29,"149":12,"150":12,"151":21,"152":29,"153":5,"154":5,"155":5,"156":1},"f":{"0":29,"1":11,"2":40,"3":12,"4":15,"5":2,"6":16,"7":48,"8":144,"9":32,"10":176,"11":14,"12":28,"13":28,"14":56,"15":42,"16":84,"17":28,"18":56,"19":28,"20":56,"21":28,"22":56,"23":336,"24":272,"25":45,"26":29,"27":12,"28":5,"29":1},"b":{"0":[23,17],"1":[11,6],"2":[3,3],"3":[2,2,2,2,2,2,1,1],"4":[176,168,168,168],"5":[336,323,288,288],"6":[272,221],"7":[272,102],"8":[221,145],"9":[23,4,2,4,2,4,2,4],"10":[1,22],"11":[1,3],"12":[4,2],"13":[1,2],"14":[1,1],"15":[1,1],"16":[1,3],"17":[4,2],"18":[1,2],"19":[1,1],"20":[1,1],"21":[1,3],"22":[4,2],"23":[1,2],"24":[1,1],"25":[1,1],"26":[1,3],"27":[4,2],"28":[1,2],"29":[1,1],"30":[22,1,1,1,1,1,1,1],"31":[1,1]},"_coverageSchema":"1a1c01bbd47fc00a2c39e90264f33305004495a9","hash":"514bab0d1e7226e4f8be071c91d83e9bb8772ce1"}
,"/Users/michaelpottebaum/Development/node-badgers/src/models/gym.js": {"path":"/Users/michaelpottebaum/Development/node-badgers/src/models/gym.js","statementMap":{"0":{"start":{"line":5,"column":8},"end":{"line":5,"column":34}},"1":{"start":{"line":9,"column":8},"end":{"line":9,"column":70}},"2":{"start":{"line":13,"column":8},"end":{"line":13,"column":28}},"3":{"start":{"line":14,"column":8},"end":{"line":14,"column":34}},"4":{"start":{"line":18,"column":8},"end":{"line":19,"column":40}},"5":{"start":{"line":18,"column":24},"end":{"line":18,"column":51}},"6":{"start":{"line":19,"column":13},"end":{"line":19,"column":40}},"7":{"start":{"line":23,"column":8},"end":{"line":26,"column":10}},"8":{"start":{"line":24,"column":12},"end":{"line":25,"column":41}},"9":{"start":{"line":24,"column":25},"end":{"line":24,"column":49}},"10":{"start":{"line":25,"column":17},"end":{"line":25,"column":41}},"11":{"start":{"line":30,"column":8},"end":{"line":34,"column":9}},"12":{"start":{"line":31,"column":12},"end":{"line":31,"column":39}},"13":{"start":{"line":32,"column":15},"end":{"line":34,"column":9}},"14":{"start":{"line":33,"column":12},"end":{"line":33,"column":39}},"15":{"start":{"line":38,"column":8},"end":{"line":40,"column":10}},"16":{"start":{"line":39,"column":12},"end":{"line":39,"column":32}},"17":{"start":{"line":44,"column":8},"end":{"line":44,"column":38}},"18":{"start":{"line":48,"column":8},"end":{"line":53,"column":9}},"19":{"start":{"line":49,"column":12},"end":{"line":52,"column":43}},"20":{"start":{"line":49,"column":36},"end":{"line":49,"column":65}},"21":{"start":{"line":50,"column":17},"end":{"line":52,"column":43}},"22":{"start":{"line":50,"column":41},"end":{"line":50,"column":71}},"23":{"start":{"line":51,"column":17},"end":{"line":52,"column":43}},"24":{"start":{"line":51,"column":41},"end":{"line":51,"column":70}},"25":{"start":{"line":52,"column":17},"end":{"line":52,"column":43}},"26":{"start":{"line":57,"column":8},"end":{"line":57,"column":38}},"27":{"start":{"line":61,"column":8},"end":{"line":63,"column":10}},"28":{"start":{"line":62,"column":12},"end":{"line":62,"column":37}},"29":{"start":{"line":67,"column":8},"end":{"line":67,"column":38}},"30":{"start":{"line":68,"column":8},"end":{"line":70,"column":10}},"31":{"start":{"line":69,"column":12},"end":{"line":69,"column":37}}},"fnMap":{"0":{"name":"(anonymous_0)","decl":{"start":{"line":4,"column":4},"end":{"line":4,"column":5}},"loc":{"start":{"line":4,"column":18},"end":{"line":6,"column":5}},"line":4},"1":{"name":"(anonymous_1)","decl":{"start":{"line":8,"column":4},"end":{"line":8,"column":5}},"loc":{"start":{"line":8,"column":32},"end":{"line":10,"column":5}},"line":8},"2":{"name":"(anonymous_2)","decl":{"start":{"line":12,"column":4},"end":{"line":12,"column":5}},"loc":{"start":{"line":12,"column":32},"end":{"line":15,"column":5}},"line":12},"3":{"name":"(anonymous_3)","decl":{"start":{"line":17,"column":4},"end":{"line":17,"column":5}},"loc":{"start":{"line":17,"column":20},"end":{"line":20,"column":5}},"line":17},"4":{"name":"(anonymous_4)","decl":{"start":{"line":22,"column":4},"end":{"line":22,"column":5}},"loc":{"start":{"line":22,"column":26},"end":{"line":27,"column":5}},"line":22},"5":{"name":"(anonymous_5)","decl":{"start":{"line":23,"column":34},"end":{"line":23,"column":35}},"loc":{"start":{"line":23,"column":39},"end":{"line":26,"column":9}},"line":23},"6":{"name":"(anonymous_6)","decl":{"start":{"line":29,"column":4},"end":{"line":29,"column":5}},"loc":{"start":{"line":29,"column":20},"end":{"line":35,"column":5}},"line":29},"7":{"name":"(anonymous_7)","decl":{"start":{"line":37,"column":4},"end":{"line":37,"column":5}},"loc":{"start":{"line":37,"column":22},"end":{"line":41,"column":5}},"line":37},"8":{"name":"(anonymous_8)","decl":{"start":{"line":38,"column":22},"end":{"line":38,"column":23}},"loc":{"start":{"line":38,"column":30},"end":{"line":40,"column":9}},"line":38},"9":{"name":"(anonymous_9)","decl":{"start":{"line":43,"column":4},"end":{"line":43,"column":5}},"loc":{"start":{"line":43,"column":26},"end":{"line":45,"column":5}},"line":43},"10":{"name":"(anonymous_10)","decl":{"start":{"line":47,"column":4},"end":{"line":47,"column":5}},"loc":{"start":{"line":47,"column":28},"end":{"line":54,"column":5}},"line":47},"11":{"name":"(anonymous_11)","decl":{"start":{"line":56,"column":4},"end":{"line":56,"column":5}},"loc":{"start":{"line":56,"column":29},"end":{"line":58,"column":5}},"line":56},"12":{"name":"(anonymous_12)","decl":{"start":{"line":60,"column":4},"end":{"line":60,"column":5}},"loc":{"start":{"line":60,"column":30},"end":{"line":64,"column":5}},"line":60},"13":{"name":"(anonymous_13)","decl":{"start":{"line":61,"column":47},"end":{"line":61,"column":48}},"loc":{"start":{"line":61,"column":52},"end":{"line":63,"column":9}},"line":61},"14":{"name":"(anonymous_14)","decl":{"start":{"line":66,"column":4},"end":{"line":66,"column":5}},"loc":{"start":{"line":66,"column":29},"end":{"line":71,"column":5}},"line":66},"15":{"name":"(anonymous_15)","decl":{"start":{"line":68,"column":52},"end":{"line":68,"column":53}},"loc":{"start":{"line":68,"column":57},"end":{"line":70,"column":9}},"line":68}},"branchMap":{"0":{"loc":{"start":{"line":18,"column":8},"end":{"line":19,"column":40}},"type":"if","locations":[{"start":{"line":18,"column":8},"end":{"line":19,"column":40}},{"start":{"line":18,"column":8},"end":{"line":19,"column":40}}],"line":18},"1":{"loc":{"start":{"line":24,"column":12},"end":{"line":25,"column":41}},"type":"if","locations":[{"start":{"line":24,"column":12},"end":{"line":25,"column":41}},{"start":{"line":24,"column":12},"end":{"line":25,"column":41}}],"line":24},"2":{"loc":{"start":{"line":30,"column":8},"end":{"line":34,"column":9}},"type":"if","locations":[{"start":{"line":30,"column":8},"end":{"line":34,"column":9}},{"start":{"line":30,"column":8},"end":{"line":34,"column":9}}],"line":30},"3":{"loc":{"start":{"line":30,"column":11},"end":{"line":30,"column":41}},"type":"binary-expr","locations":[{"start":{"line":30,"column":11},"end":{"line":30,"column":22}},{"start":{"line":30,"column":26},"end":{"line":30,"column":41}}],"line":30},"4":{"loc":{"start":{"line":32,"column":15},"end":{"line":34,"column":9}},"type":"if","locations":[{"start":{"line":32,"column":15},"end":{"line":34,"column":9}},{"start":{"line":32,"column":15},"end":{"line":34,"column":9}}],"line":32},"5":{"loc":{"start":{"line":32,"column":18},"end":{"line":32,"column":49}},"type":"binary-expr","locations":[{"start":{"line":32,"column":18},"end":{"line":32,"column":29}},{"start":{"line":32,"column":33},"end":{"line":32,"column":49}}],"line":32},"6":{"loc":{"start":{"line":49,"column":12},"end":{"line":52,"column":43}},"type":"if","locations":[{"start":{"line":49,"column":12},"end":{"line":52,"column":43}},{"start":{"line":49,"column":12},"end":{"line":52,"column":43}}],"line":49},"7":{"loc":{"start":{"line":50,"column":17},"end":{"line":52,"column":43}},"type":"if","locations":[{"start":{"line":50,"column":17},"end":{"line":52,"column":43}},{"start":{"line":50,"column":17},"end":{"line":52,"column":43}}],"line":50},"8":{"loc":{"start":{"line":51,"column":17},"end":{"line":52,"column":43}},"type":"if","locations":[{"start":{"line":51,"column":17},"end":{"line":52,"column":43}},{"start":{"line":51,"column":17},"end":{"line":52,"column":43}}],"line":51}},"s":{"0":10,"1":14,"2":1,"3":1,"4":3,"5":1,"6":2,"7":3,"8":3,"9":1,"10":2,"11":4,"12":1,"13":3,"14":3,"15":1,"16":2,"17":2,"18":1,"19":4,"20":1,"21":3,"22":1,"23":2,"24":1,"25":1,"26":1,"27":4,"28":40,"29":2,"30":2,"31":25},"f":{"0":10,"1":14,"2":1,"3":3,"4":3,"5":3,"6":4,"7":1,"8":2,"9":2,"10":1,"11":1,"12":4,"13":40,"14":2,"15":25},"b":{"0":[1,2],"1":[1,2],"2":[1,3],"3":[4,4],"4":[3,0],"5":[3,3],"6":[1,3],"7":[1,2],"8":[1,1]},"_coverageSchema":"1a1c01bbd47fc00a2c39e90264f33305004495a9","hash":"c7b1a9ca95637afa612e2b320b680817b4bbbd65"}
,"/Users/michaelpottebaum/Development/node-badgers/src/models/movement.js": {"path":"/Users/michaelpottebaum/Development/node-badgers/src/models/movement.js","statementMap":{"0":{"start":{"line":5,"column":8},"end":{"line":5,"column":35}},"1":{"start":{"line":9,"column":8},"end":{"line":13,"column":9}},"2":{"start":{"line":10,"column":12},"end":{"line":10,"column":37}},"3":{"start":{"line":12,"column":12},"end":{"line":12,"column":43}},"4":{"start":{"line":17,"column":8},"end":{"line":21,"column":9}},"5":{"start":{"line":18,"column":12},"end":{"line":18,"column":37}},"6":{"start":{"line":20,"column":12},"end":{"line":20,"column":43}},"7":{"start":{"line":25,"column":8},"end":{"line":29,"column":9}},"8":{"start":{"line":26,"column":12},"end":{"line":26,"column":37}},"9":{"start":{"line":28,"column":12},"end":{"line":28,"column":47}},"10":{"start":{"line":33,"column":8},"end":{"line":37,"column":9}},"11":{"start":{"line":34,"column":12},"end":{"line":34,"column":37}},"12":{"start":{"line":36,"column":12},"end":{"line":36,"column":47}},"13":{"start":{"line":41,"column":8},"end":{"line":41,"column":22}},"14":{"start":{"line":42,"column":8},"end":{"line":42,"column":27}},"15":{"start":{"line":46,"column":8},"end":{"line":46,"column":24}},"16":{"start":{"line":47,"column":8},"end":{"line":47,"column":27}},"17":{"start":{"line":51,"column":8},"end":{"line":51,"column":24}},"18":{"start":{"line":52,"column":8},"end":{"line":52,"column":26}},"19":{"start":{"line":56,"column":8},"end":{"line":56,"column":22}},"20":{"start":{"line":57,"column":8},"end":{"line":57,"column":26}}},"fnMap":{"0":{"name":"(anonymous_0)","decl":{"start":{"line":4,"column":4},"end":{"line":4,"column":5}},"loc":{"start":{"line":4,"column":22},"end":{"line":6,"column":5}},"line":4},"1":{"name":"(anonymous_1)","decl":{"start":{"line":8,"column":4},"end":{"line":8,"column":5}},"loc":{"start":{"line":8,"column":22},"end":{"line":14,"column":5}},"line":8},"2":{"name":"(anonymous_2)","decl":{"start":{"line":16,"column":4},"end":{"line":16,"column":5}},"loc":{"start":{"line":16,"column":24},"end":{"line":22,"column":5}},"line":16},"3":{"name":"(anonymous_3)","decl":{"start":{"line":24,"column":4},"end":{"line":24,"column":5}},"loc":{"start":{"line":24,"column":24},"end":{"line":30,"column":5}},"line":24},"4":{"name":"(anonymous_4)","decl":{"start":{"line":32,"column":4},"end":{"line":32,"column":5}},"loc":{"start":{"line":32,"column":25},"end":{"line":38,"column":5}},"line":32},"5":{"name":"(anonymous_5)","decl":{"start":{"line":40,"column":4},"end":{"line":40,"column":5}},"loc":{"start":{"line":40,"column":13},"end":{"line":43,"column":5}},"line":40},"6":{"name":"(anonymous_6)","decl":{"start":{"line":45,"column":4},"end":{"line":45,"column":5}},"loc":{"start":{"line":45,"column":14},"end":{"line":48,"column":5}},"line":45},"7":{"name":"(anonymous_7)","decl":{"start":{"line":50,"column":4},"end":{"line":50,"column":5}},"loc":{"start":{"line":50,"column":14},"end":{"line":53,"column":5}},"line":50},"8":{"name":"(anonymous_8)","decl":{"start":{"line":55,"column":4},"end":{"line":55,"column":5}},"loc":{"start":{"line":55,"column":14},"end":{"line":58,"column":5}},"line":55}},"branchMap":{"0":{"loc":{"start":{"line":9,"column":8},"end":{"line":13,"column":9}},"type":"if","locations":[{"start":{"line":9,"column":8},"end":{"line":13,"column":9}},{"start":{"line":9,"column":8},"end":{"line":13,"column":9}}],"line":9},"1":{"loc":{"start":{"line":17,"column":8},"end":{"line":21,"column":9}},"type":"if","locations":[{"start":{"line":17,"column":8},"end":{"line":21,"column":9}},{"start":{"line":17,"column":8},"end":{"line":21,"column":9}}],"line":17},"2":{"loc":{"start":{"line":25,"column":8},"end":{"line":29,"column":9}},"type":"if","locations":[{"start":{"line":25,"column":8},"end":{"line":29,"column":9}},{"start":{"line":25,"column":8},"end":{"line":29,"column":9}}],"line":25},"3":{"loc":{"start":{"line":33,"column":8},"end":{"line":37,"column":9}},"type":"if","locations":[{"start":{"line":33,"column":8},"end":{"line":37,"column":9}},{"start":{"line":33,"column":8},"end":{"line":37,"column":9}}],"line":33}},"s":{"0":119,"1":33,"2":1,"3":32,"4":14,"5":1,"6":13,"7":14,"8":1,"9":13,"10":12,"11":1,"12":11,"13":4,"14":4,"15":4,"16":4,"17":6,"18":6,"19":4,"20":4},"f":{"0":119,"1":33,"2":14,"3":14,"4":12,"5":4,"6":4,"7":6,"8":4},"b":{"0":[1,32],"1":[1,13],"2":[1,13],"3":[1,11]},"_coverageSchema":"1a1c01bbd47fc00a2c39e90264f33305004495a9","hash":"5e67ef93f22315c0222cff38057ac227a15a3d89"}
,"/Users/michaelpottebaum/Development/node-badgers/src/models/shot.js": {"path":"/Users/michaelpottebaum/Development/node-badgers/src/models/shot.js","statementMap":{"0":{"start":{"line":6,"column":8},"end":{"line":6,"column":19}},"1":{"start":{"line":7,"column":8},"end":{"line":7,"column":25}},"2":{"start":{"line":8,"column":8},"end":{"line":8,"column":29}},"3":{"start":{"line":9,"column":8},"end":{"line":9,"column":26}},"4":{"start":{"line":12,"column":23},"end":{"line":29,"column":5}},"5":{"start":{"line":13,"column":23},"end":{"line":13,"column":38}},"6":{"start":{"line":14,"column":8},"end":{"line":27,"column":9}},"7":{"start":{"line":16,"column":16},"end":{"line":16,"column":22}},"8":{"start":{"line":17,"column":16},"end":{"line":17,"column":22}},"9":{"start":{"line":19,"column":16},"end":{"line":19,"column":22}},"10":{"start":{"line":20,"column":16},"end":{"line":20,"column":22}},"11":{"start":{"line":22,"column":16},"end":{"line":22,"column":22}},"12":{"start":{"line":23,"column":16},"end":{"line":23,"column":22}},"13":{"start":{"line":25,"column":16},"end":{"line":25,"column":22}},"14":{"start":{"line":26,"column":16},"end":{"line":26,"column":22}},"15":{"start":{"line":28,"column":8},"end":{"line":28,"column":35}},"16":{"start":{"line":32,"column":8},"end":{"line":32,"column":47}},"17":{"start":{"line":33,"column":8},"end":{"line":36,"column":30}},"18":{"start":{"line":37,"column":8},"end":{"line":37,"column":28}},"19":{"start":{"line":38,"column":8},"end":{"line":38,"column":26}},"20":{"start":{"line":42,"column":26},"end":{"line":42,"column":40}},"21":{"start":{"line":43,"column":8},"end":{"line":45,"column":9}},"22":{"start":{"line":44,"column":12},"end":{"line":44,"column":18}},"23":{"start":{"line":46,"column":8},"end":{"line":48,"column":9}},"24":{"start":{"line":47,"column":12},"end":{"line":47,"column":35}},"25":{"start":{"line":49,"column":8},"end":{"line":71,"column":9}},"26":{"start":{"line":50,"column":12},"end":{"line":53,"column":63}},"27":{"start":{"line":50,"column":33},"end":{"line":50,"column":56}},"28":{"start":{"line":51,"column":17},"end":{"line":53,"column":63}},"29":{"start":{"line":51,"column":39},"end":{"line":51,"column":62}},"30":{"start":{"line":52,"column":17},"end":{"line":53,"column":63}},"31":{"start":{"line":52,"column":40},"end":{"line":52,"column":63}},"32":{"start":{"line":53,"column":17},"end":{"line":53,"column":63}},"33":{"start":{"line":53,"column":40},"end":{"line":53,"column":63}},"34":{"start":{"line":54,"column":12},"end":{"line":63,"column":13}},"35":{"start":{"line":55,"column":16},"end":{"line":55,"column":37}},"36":{"start":{"line":56,"column":16},"end":{"line":60,"column":17}},"37":{"start":{"line":62,"column":16},"end":{"line":62,"column":38}},"38":{"start":{"line":65,"column":12},"end":{"line":70,"column":13}},"39":{"start":{"line":66,"column":16},"end":{"line":68,"column":18}},"40":{"start":{"line":67,"column":20},"end":{"line":67,"column":35}},"41":{"start":{"line":69,"column":16},"end":{"line":69,"column":35}},"42":{"start":{"line":75,"column":8},"end":{"line":81,"column":10}},"43":{"start":{"line":76,"column":29},"end":{"line":76,"column":47}},"44":{"start":{"line":77,"column":12},"end":{"line":80,"column":13}},"45":{"start":{"line":78,"column":16},"end":{"line":78,"column":36}},"46":{"start":{"line":79,"column":16},"end":{"line":79,"column":45}}},"fnMap":{"0":{"name":"(anonymous_0)","decl":{"start":{"line":5,"column":4},"end":{"line":5,"column":5}},"loc":{"start":{"line":5,"column":23},"end":{"line":10,"column":5}},"line":5},"1":{"name":"(anonymous_1)","decl":{"start":{"line":12,"column":23},"end":{"line":12,"column":24}},"loc":{"start":{"line":12,"column":44},"end":{"line":29,"column":5}},"line":12},"2":{"name":"(anonymous_2)","decl":{"start":{"line":31,"column":4},"end":{"line":31,"column":5}},"loc":{"start":{"line":31,"column":27},"end":{"line":39,"column":5}},"line":31},"3":{"name":"(anonymous_3)","decl":{"start":{"line":41,"column":4},"end":{"line":41,"column":5}},"loc":{"start":{"line":41,"column":28},"end":{"line":72,"column":5}},"line":41},"4":{"name":"(anonymous_4)","decl":{"start":{"line":66,"column":41},"end":{"line":66,"column":42}},"loc":{"start":{"line":66,"column":51},"end":{"line":68,"column":17}},"line":66},"5":{"name":"(anonymous_5)","decl":{"start":{"line":74,"column":4},"end":{"line":74,"column":5}},"loc":{"start":{"line":74,"column":22},"end":{"line":82,"column":5}},"line":74},"6":{"name":"(anonymous_6)","decl":{"start":{"line":75,"column":34},"end":{"line":75,"column":35}},"loc":{"start":{"line":75,"column":44},"end":{"line":81,"column":9}},"line":75}},"branchMap":{"0":{"loc":{"start":{"line":14,"column":8},"end":{"line":27,"column":9}},"type":"switch","locations":[{"start":{"line":15,"column":12},"end":{"line":17,"column":22}},{"start":{"line":18,"column":12},"end":{"line":20,"column":22}},{"start":{"line":21,"column":12},"end":{"line":23,"column":22}},{"start":{"line":24,"column":12},"end":{"line":26,"column":22}}],"line":14},"1":{"loc":{"start":{"line":43,"column":8},"end":{"line":45,"column":9}},"type":"if","locations":[{"start":{"line":43,"column":8},"end":{"line":45,"column":9}},{"start":{"line":43,"column":8},"end":{"line":45,"column":9}}],"line":43},"2":{"loc":{"start":{"line":46,"column":8},"end":{"line":48,"column":9}},"type":"if","locations":[{"start":{"line":46,"column":8},"end":{"line":48,"column":9}},{"start":{"line":46,"column":8},"end":{"line":48,"column":9}}],"line":46},"3":{"loc":{"start":{"line":49,"column":8},"end":{"line":71,"column":9}},"type":"if","locations":[{"start":{"line":49,"column":8},"end":{"line":71,"column":9}},{"start":{"line":49,"column":8},"end":{"line":71,"column":9}}],"line":49},"4":{"loc":{"start":{"line":50,"column":12},"end":{"line":53,"column":63}},"type":"if","locations":[{"start":{"line":50,"column":12},"end":{"line":53,"column":63}},{"start":{"line":50,"column":12},"end":{"line":53,"column":63}}],"line":50},"5":{"loc":{"start":{"line":51,"column":17},"end":{"line":53,"column":63}},"type":"if","locations":[{"start":{"line":51,"column":17},"end":{"line":53,"column":63}},{"start":{"line":51,"column":17},"end":{"line":53,"column":63}}],"line":51},"6":{"loc":{"start":{"line":52,"column":17},"end":{"line":53,"column":63}},"type":"if","locations":[{"start":{"line":52,"column":17},"end":{"line":53,"column":63}},{"start":{"line":52,"column":17},"end":{"line":53,"column":63}}],"line":52},"7":{"loc":{"start":{"line":53,"column":17},"end":{"line":53,"column":63}},"type":"if","locations":[{"start":{"line":53,"column":17},"end":{"line":53,"column":63}},{"start":{"line":53,"column":17},"end":{"line":53,"column":63}}],"line":53},"8":{"loc":{"start":{"line":54,"column":12},"end":{"line":63,"column":13}},"type":"if","locations":[{"start":{"line":54,"column":12},"end":{"line":63,"column":13}},{"start":{"line":54,"column":12},"end":{"line":63,"column":13}}],"line":54},"9":{"loc":{"start":{"line":54,"column":15},"end":{"line":54,"column":127}},"type":"binary-expr","locations":[{"start":{"line":54,"column":15},"end":{"line":54,"column":40}},{"start":{"line":54,"column":44},"end":{"line":54,"column":69}},{"start":{"line":54,"column":73},"end":{"line":54,"column":98}},{"start":{"line":54,"column":102},"end":{"line":54,"column":127}}],"line":54},"10":{"loc":{"start":{"line":65,"column":12},"end":{"line":70,"column":13}},"type":"if","locations":[{"start":{"line":65,"column":12},"end":{"line":70,"column":13}},{"start":{"line":65,"column":12},"end":{"line":70,"column":13}}],"line":65},"11":{"loc":{"start":{"line":77,"column":12},"end":{"line":80,"column":13}},"type":"if","locations":[{"start":{"line":77,"column":12},"end":{"line":80,"column":13}},{"start":{"line":77,"column":12},"end":{"line":80,"column":13}}],"line":77},"12":{"loc":{"start":{"line":77,"column":15},"end":{"line":77,"column":71}},"type":"binary-expr","locations":[{"start":{"line":77,"column":16},"end":{"line":77,"column":40}},{"start":{"line":77,"column":46},"end":{"line":77,"column":70}}],"line":77}},"s":{"0":15,"1":15,"2":15,"3":15,"4":15,"5":8,"6":8,"7":5,"8":5,"9":1,"10":1,"11":1,"12":1,"13":1,"14":1,"15":8,"16":4,"17":4,"18":4,"19":4,"20":14,"21":14,"22":2,"23":12,"24":9,"25":12,"26":9,"27":6,"28":3,"29":1,"30":2,"31":1,"32":1,"33":1,"34":9,"35":2,"36":2,"37":7,"38":3,"39":1,"40":1,"41":1,"42":8,"43":15,"44":15,"45":1,"46":1},"f":{"0":15,"1":8,"2":4,"3":14,"4":1,"5":8,"6":15},"b":{"0":[5,1,1,1],"1":[2,12],"2":[9,3],"3":[9,3],"4":[6,3],"5":[1,2],"6":[1,1],"7":[1,0],"8":[2,7],"9":[9,7,7,7],"10":[1,2],"11":[1,14],"12":[15,1]},"_coverageSchema":"1a1c01bbd47fc00a2c39e90264f33305004495a9","hash":"e0098b46c94945ce64884b70bcb5ce59936a5452"}
,"/Users/michaelpottebaum/Development/node-badgers/src/models/user.js": {"path":"/Users/michaelpottebaum/Development/node-badgers/src/models/user.js","statementMap":{"0":{"start":{"line":6,"column":8},"end":{"line":6,"column":29}},"1":{"start":{"line":7,"column":8},"end":{"line":7,"column":55}},"2":{"start":{"line":8,"column":8},"end":{"line":8,"column":59}},"3":{"start":{"line":9,"column":8},"end":{"line":9,"column":24}},"4":{"start":{"line":10,"column":8},"end":{"line":10,"column":26}},"5":{"start":{"line":11,"column":8},"end":{"line":11,"column":25}},"6":{"start":{"line":12,"column":8},"end":{"line":12,"column":24}},"7":{"start":{"line":13,"column":8},"end":{"line":13,"column":23}},"8":{"start":{"line":14,"column":8},"end":{"line":14,"column":31}},"9":{"start":{"line":18,"column":8},"end":{"line":18,"column":28}},"10":{"start":{"line":22,"column":8},"end":{"line":22,"column":25}},"11":{"start":{"line":26,"column":40},"end":{"line":28,"column":9}},"12":{"start":{"line":27,"column":12},"end":{"line":27,"column":101}},"13":{"start":{"line":27,"column":44},"end":{"line":27,"column":100}},"14":{"start":{"line":29,"column":8},"end":{"line":31,"column":9}},"15":{"start":{"line":30,"column":12},"end":{"line":30,"column":37}},"16":{"start":{"line":32,"column":8},"end":{"line":32,"column":19}},"17":{"start":{"line":36,"column":8},"end":{"line":36,"column":26}},"18":{"start":{"line":40,"column":8},"end":{"line":40,"column":55}},"19":{"start":{"line":44,"column":8},"end":{"line":44,"column":42}},"20":{"start":{"line":45,"column":8},"end":{"line":45,"column":42}},"21":{"start":{"line":46,"column":8},"end":{"line":46,"column":44}}},"fnMap":{"0":{"name":"(anonymous_0)","decl":{"start":{"line":5,"column":4},"end":{"line":5,"column":5}},"loc":{"start":{"line":5,"column":28},"end":{"line":15,"column":5}},"line":5},"1":{"name":"(anonymous_1)","decl":{"start":{"line":17,"column":4},"end":{"line":17,"column":5}},"loc":{"start":{"line":17,"column":25},"end":{"line":19,"column":5}},"line":17},"2":{"name":"(anonymous_2)","decl":{"start":{"line":21,"column":4},"end":{"line":21,"column":5}},"loc":{"start":{"line":21,"column":12},"end":{"line":23,"column":5}},"line":21},"3":{"name":"(anonymous_3)","decl":{"start":{"line":25,"column":4},"end":{"line":25,"column":5}},"loc":{"start":{"line":25,"column":27},"end":{"line":33,"column":5}},"line":25},"4":{"name":"(anonymous_4)","decl":{"start":{"line":26,"column":40},"end":{"line":26,"column":41}},"loc":{"start":{"line":26,"column":58},"end":{"line":28,"column":9}},"line":26},"5":{"name":"(anonymous_5)","decl":{"start":{"line":27,"column":39},"end":{"line":27,"column":40}},"loc":{"start":{"line":27,"column":44},"end":{"line":27,"column":100}},"line":27},"6":{"name":"(anonymous_6)","decl":{"start":{"line":35,"column":4},"end":{"line":35,"column":5}},"loc":{"start":{"line":35,"column":24},"end":{"line":37,"column":5}},"line":35},"7":{"name":"(anonymous_7)","decl":{"start":{"line":39,"column":4},"end":{"line":39,"column":5}},"loc":{"start":{"line":39,"column":40},"end":{"line":41,"column":5}},"line":39},"8":{"name":"(anonymous_8)","decl":{"start":{"line":43,"column":4},"end":{"line":43,"column":5}},"loc":{"start":{"line":43,"column":31},"end":{"line":47,"column":5}},"line":43}},"branchMap":{"0":{"loc":{"start":{"line":27,"column":44},"end":{"line":27,"column":100}},"type":"binary-expr","locations":[{"start":{"line":27,"column":44},"end":{"line":27,"column":70}},{"start":{"line":27,"column":74},"end":{"line":27,"column":100}}],"line":27},"1":{"loc":{"start":{"line":29,"column":8},"end":{"line":31,"column":9}},"type":"if","locations":[{"start":{"line":29,"column":8},"end":{"line":31,"column":9}},{"start":{"line":29,"column":8},"end":{"line":31,"column":9}}],"line":29},"2":{"loc":{"start":{"line":29,"column":11},"end":{"line":29,"column":124}},"type":"binary-expr","locations":[{"start":{"line":29,"column":11},"end":{"line":29,"column":65}},{"start":{"line":29,"column":69},"end":{"line":29,"column":124}}],"line":29}},"s":{"0":26,"1":26,"2":26,"3":26,"4":26,"5":26,"6":26,"7":26,"8":26,"9":1,"10":2,"11":7,"12":14,"13":154,"14":7,"15":4,"16":3,"17":2,"18":2,"19":1,"20":1,"21":1},"f":{"0":26,"1":1,"2":2,"3":7,"4":14,"5":154,"6":2,"7":2,"8":1},"b":{"0":[154,22],"1":[4,3],"2":[7,7]},"_coverageSchema":"1a1c01bbd47fc00a2c39e90264f33305004495a9","hash":"6bda4487a862ad0f17c948768de99cf7256a2a5a"}
,"/Users/michaelpottebaum/Development/node-badgers/src/models/leveller/index.js": {"path":"/Users/michaelpottebaum/Development/node-badgers/src/models/leveller/index.js","statementMap":{"0":{"start":{"line":5,"column":8},"end":{"line":5,"column":15}},"1":{"start":{"line":6,"column":8},"end":{"line":6,"column":33}},"2":{"start":{"line":7,"column":8},"end":{"line":7,"column":35}},"3":{"start":{"line":11,"column":8},"end":{"line":11,"column":46}},"4":{"start":{"line":12,"column":8},"end":{"line":12,"column":49}},"5":{"start":{"line":13,"column":8},"end":{"line":15,"column":9}},"6":{"start":{"line":14,"column":12},"end":{"line":14,"column":37}}},"fnMap":{"0":{"name":"(anonymous_0)","decl":{"start":{"line":4,"column":4},"end":{"line":4,"column":5}},"loc":{"start":{"line":4,"column":18},"end":{"line":8,"column":5}},"line":4},"1":{"name":"(anonymous_1)","decl":{"start":{"line":10,"column":4},"end":{"line":10,"column":5}},"loc":{"start":{"line":10,"column":40},"end":{"line":16,"column":5}},"line":10}},"branchMap":{"0":{"loc":{"start":{"line":13,"column":8},"end":{"line":15,"column":9}},"type":"if","locations":[{"start":{"line":13,"column":8},"end":{"line":15,"column":9}},{"start":{"line":13,"column":8},"end":{"line":15,"column":9}}],"line":13}},"s":{"0":1,"1":1,"2":1,"3":1,"4":1,"5":1,"6":1},"f":{"0":1,"1":1},"b":{"0":[1,0]},"_coverageSchema":"1a1c01bbd47fc00a2c39e90264f33305004495a9","hash":"03fc307c1d1ffd5fed8152cf2dc40d356d520ca1"}
[...]
1,"column":5}},"line":15},"3":{"name":"(anonymous_3)","decl":{"start":{"line":18,"column":43},"end":{"line":18,"column":44}},"loc":{"start":{"line":18,"column":49},"end":{"line":18,"column":67}},"line":18},"4":{"name":"(anonymous_4)","decl":{"start":{"line":33,"column":4},"end":{"line":33,"column":5}},"loc":{"start":{"line":33,"column":24},"end":{"line":35,"column":5}},"line":33},"5":{"name":"(anonymous_5)","decl":{"start":{"line":34,"column":34},"end":{"line":34,"column":35}},"loc":{"start":{"line":34,"column":39},"end":{"line":34,"column":49}},"line":34},"6":{"name":"(anonymous_6)","decl":{"start":{"line":37,"column":4},"end":{"line":37,"column":5}},"loc":{"start":{"line":37,"column":21},"end":{"line":39,"column":5}},"line":37},"7":{"name":"(anonymous_7)","decl":{"start":{"line":38,"column":36},"end":{"line":38,"column":37}},"loc":{"start":{"line":38,"column":41},"end":{"line":38,"column":51}},"line":38},"8":{"name":"(anonymous_8)","decl":{"start":{"line":41,"column":4},"end":{"line":41,"column":5}},"loc":{"start":{"line":41,"column":18},"end":{"line":44,"column":5}},"line":41},"9":{"name":"(anonymous_9)","decl":{"start":{"line":42,"column":57},"end":{"line":42,"column":58}},"loc":{"start":{"line":42,"column":62},"end":{"line":42,"column":85}},"line":42},"10":{"name":"(anonymous_10)","decl":{"start":{"line":46,"column":4},"end":{"line":46,"column":5}},"loc":{"start":{"line":46,"column":21},"end":{"line":49,"column":5}},"line":46},"11":{"name":"(anonymous_11)","decl":{"start":{"line":47,"column":52},"end":{"line":47,"column":53}},"loc":{"start":{"line":47,"column":57},"end":{"line":47,"column":82}},"line":47},"12":{"name":"(anonymous_12)","decl":{"start":{"line":51,"column":4},"end":{"line":51,"column":5}},"loc":{"start":{"line":51,"column":25},"end":{"line":54,"column":5}},"line":51},"13":{"name":"(anonymous_13)","decl":{"start":{"line":52,"column":56},"end":{"line":52,"column":57}},"loc":{"start":{"line":52,"column":61},"end":{"line":52,"column":74}},"line":52},"14":{"name":"(anonymous_14)","decl":{"start":{"line":56,"column":4},"end":{"line":56,"column":5}},"loc":{"start":{"line":56,"column":44},"end":{"line":62,"column":5}},"line":56},"15":{"name":"(anonymous_15)","decl":{"start":{"line":64,"column":4},"end":{"line":64,"column":5}},"loc":{"start":{"line":64,"column":23},"end":{"line":69,"column":5}},"line":64},"16":{"name":"(anonymous_16)","decl":{"start":{"line":71,"column":4},"end":{"line":71,"column":5}},"loc":{"start":{"line":71,"column":45},"end":{"line":81,"column":5}},"line":71},"17":{"name":"(anonymous_17)","decl":{"start":{"line":83,"column":4},"end":{"line":83,"column":5}},"loc":{"start":{"line":83,"column":40},"end":{"line":94,"column":5}},"line":83},"18":{"name":"(anonymous_18)","decl":{"start":{"line":91,"column":44},"end":{"line":91,"column":45}},"loc":{"start":{"line":91,"column":49},"end":{"line":91,"column":59}},"line":91},"19":{"name":"(anonymous_19)","decl":{"start":{"line":96,"column":4},"end":{"line":96,"column":5}},"loc":{"start":{"line":96,"column":22},"end":{"line":98,"column":5}},"line":96},"20":{"name":"(anonymous_20)","decl":{"start":{"line":97,"column":42},"end":{"line":97,"column":43}},"loc":{"start":{"line":97,"column":47},"end":{"line":97,"column":77}},"line":97},"21":{"name":"(anonymous_21)","decl":{"start":{"line":100,"column":4},"end":{"line":100,"column":5}},"loc":{"start":{"line":100,"column":18},"end":{"line":103,"column":5}},"line":100},"22":{"name":"(anonymous_22)","decl":{"start":{"line":101,"column":57},"end":{"line":101,"column":58}},"loc":{"start":{"line":101,"column":68},"end":{"line":101,"column":145}},"line":101}},"branchMap":{"0":{"loc":{"start":{"line":16,"column":8},"end":{"line":30,"column":9}},"type":"if","locations":[{"start":{"line":16,"column":8},"end":{"line":30,"column":9}},{"start":{"line":16,"column":8},"end":{"line":30,"column":9}}],"line":16},"1":{"loc":{"start":{"line":17,"column":12},"end":{"line":20,"column":13}},"type":"if","locations":[{"start":{"line":17,"column":12},"end":{"line":20,"column":13}},{"start":{"line":17,"column":12},"end":{"line":20,"column":13}}],"line":17},"2":{"loc":{"start":{"line":21,"column":12},"end":{"line":23,"column":13}},"type":"if","locations":[{"start":{"line":21,"column":12},"end":{"line":23,"column":13}},{"start":{"line":21,"column":12},"end":{"line":23,"column":13}}],"line":21},"3":{"loc":{"start":{"line":27,"column":12},"end":{"line":29,"column":13}},"type":"if","locations":[{"start":{"line":27,"column":12},"end":{"line":29,"column":13}},{"start":{"line":27,"column":12},"end":{"line":29,"column":13}}],"line":27},"4":{"loc":{"start":{"line":42,"column":62},"end":{"line":42,"column":85}},"type":"binary-expr","locations":[{"start":{"line":42,"column":62},"end":{"line":42,"column":71}},{"start":{"line":42,"column":75},"end":{"line":42,"column":85}}],"line":42},"5":{"loc":{"start":{"line":43,"column":15},"end":{"line":43,"column":52}},"type":"binary-expr","locations":[{"start":{"line":43,"column":15},"end":{"line":43,"column":37}},{"start":{"line":43,"column":41},"end":{"line":43,"column":52}}],"line":43},"6":{"loc":{"start":{"line":47,"column":57},"end":{"line":47,"column":82}},"type":"binary-expr","locations":[{"start":{"line":47,"column":57},"end":{"line":47,"column":67}},{"start":{"line":47,"column":71},"end":{"line":47,"column":82}}],"line":47},"7":{"loc":{"start":{"line":48,"column":15},"end":{"line":48,"column":42}},"type":"binary-expr","locations":[{"start":{"line":48,"column":15},"end":{"line":48,"column":32}},{"start":{"line":48,"column":36},"end":{"line":48,"column":42}}],"line":48},"8":{"loc":{"start":{"line":53,"column":15},"end":{"line":53,"column":50}},"type":"binary-expr","locations":[{"start":{"line":53,"column":15},"end":{"line":53,"column":36}},{"start":{"line":53,"column":40},"end":{"line":53,"column":50}}],"line":53},"9":{"loc":{"start":{"line":58,"column":12},"end":{"line":60,"column":13}},"type":"if","locations":[{"start":{"line":58,"column":12},"end":{"line":60,"column":13}},{"start":{"line":58,"column":12},"end":{"line":60,"column":13}}],"line":58},"10":{"loc":{"start":{"line":73,"column":12},"end":{"line":79,"column":13}},"type":"if","locations":[{"start":{"line":73,"column":12},"end":{"line":79,"column":13}},{"start":{"line":73,"column":12},"end":{"line":79,"column":13}}],"line":73},"11":{"loc":{"start":{"line":73,"column":15},"end":{"line":73,"column":75}},"type":"binary-expr","locations":[{"start":{"line":73,"column":15},"end":{"line":73,"column":32}},{"start":{"line":73,"column":37},"end":{"line":73,"column":74}}],"line":73},"12":{"loc":{"start":{"line":75,"column":16},"end":{"line":78,"column":17}},"type":"if","locations":[{"start":{"line":75,"column":16},"end":{"line":78,"column":17}},{"start":{"line":75,"column":16},"end":{"line":78,"column":17}}],"line":75},"13":{"loc":{"start":{"line":87,"column":12},"end":{"line":89,"column":13}},"type":"if","locations":[{"start":{"line":87,"column":12},"end":{"line":89,"column":13}},{"start":{"line":87,"column":12},"end":{"line":89,"column":13}}],"line":87},"14":{"loc":{"start":{"line":87,"column":15},"end":{"line":87,"column":55}},"type":"binary-expr","locations":[{"start":{"line":87,"column":16},"end":{"line":87,"column":29}},{"start":{"line":87,"column":35},"end":{"line":87,"column":54}}],"line":87},"15":{"loc":{"start":{"line":90,"column":12},"end":{"line":92,"column":13}},"type":"if","locations":[{"start":{"line":90,"column":12},"end":{"line":92,"column":13}},{"start":{"line":90,"column":12},"end":{"line":92,"column":13}}],"line":90},"16":{"loc":{"start":{"line":90,"column":15},"end":{"line":90,"column":88}},"type":"binary-expr","locations":[{"start":{"line":90,"column":16},"end":{"line":90,"column":28}},{"start":{"line":90,"column":34},"end":{"line":90,"column":53}},{"start":{"line":90,"column":57},"end":{"line":90,"column":87}}],"line":90},"17":{"loc":{"start":{"line":97,"column":47},"end":{"line":97,"column":77}},"type":"binary-expr","locations":[{"start":{"line":97,"column":47},"end":{"line":97,"column":59}},{"start":{"line":97,"column":63},"end":{"line":97,"column":77}}],"line":97},"18":{"loc":{"start":{"line":101,"column":68},"end":{"line":101,"column":145}},"type":"binary-expr","locations":[{"start":{"line":101,"column":68},"end":{"line":101,"column":86}},{"start":{"line":101,"column":91},"end":{"line":101,"column":110}},{"start":{"line":101,"column":114},"end":{"line":101,"column":144}}],"line":101},"19":{"loc":{"start":{"line":102,"column":15},"end":{"line":102,"column":52}},"type":"binary-expr","locations":[{"start":{"line":102,"column":15},"end":{"line":102,"column":37}},{"start":{"line":102,"column":41},"end":{"line":102,"column":52}}],"line":102}},"s":{"0":10,"1":10,"2":9,"3":9,"4":8,"5":7,"6":1,"7":1,"8":1,"9":7,"10":7,"11":7,"12":7,"13":7,"14":17,"15":15,"16":49,"17":47,"18":8,"19":8,"20":8,"21":16,"22":16,"23":16,"24":2,"25":1,"26":2,"27":1,"28":1,"29":1,"30":7,"31":7,"32":7,"33":10,"34":10,"35":4,"36":4,"37":3,"38":3,"39":9,"40":9,"41":9,"42":9,"43":1,"44":9,"45":1,"46":1,"47":1,"48":1,"49":2,"50":2,"51":2},"f":{"0":10,"1":9,"2":8,"3":1,"4":17,"5":15,"6":49,"7":47,"8":8,"9":8,"10":16,"11":16,"12":2,"13":1,"14":1,"15":7,"16":10,"17":9,"18":1,"19":1,"20":1,"21":2,"22":2},"b":{"0":[7,1],"1":[1,6],"2":[7,0],"3":[7,0],"4":[8,2],"5":[8,2],"6":[16,16],"7":[16,16],"8":[2,1],"9":[1,0],"10":[4,6],"11":[10,10],"12":[3,1],"13":[1,8],"14":[9,1],"15":[1,8],"16":[9,1,1],"17":[1,1],"18":[2,2,1],"19":[2,1]},"_coverageSchema":"1a1c01bbd47fc00a2c39e90264f33305004495a9","hash":"b93e2e33d0365f2a1c8d6e71d0d7c3faf43dae44"}
,"/Users/michaelpottebaum/Development/node-badgers/src/models/leveller/levelShots.js": {"path":"/Users/michaelpottebaum/Development/node-badgers/src/models/leveller/levelShots.js","statementMap":{"0":{"start":{"line":5,"column":8},"end":{"line":5,"column":23}},"1":{"start":{"line":9,"column":8},"end":{"line":9,"column":47}},"2":{"start":{"line":9,"column":36},"end":{"line":9,"column":46}},"3":{"start":{"line":13,"column":8},"end":{"line":13,"column":49}},"4":{"start":{"line":13,"column":38},"end":{"line":13,"column":48}},"5":{"start":{"line":17,"column":24},"end":{"line":17,"column":39}},"6":{"start":{"line":18,"column":8},"end":{"line":18,"column":32}},"7":{"start":{"line":22,"column":8},"end":{"line":41,"column":9}},"8":{"start":{"line":23,"column":12},"end":{"line":28,"column":13}},"9":{"start":{"line":24,"column":16},"end":{"line":27,"column":18}},"10":{"start":{"line":25,"column":20},"end":{"line":25,"column":42}},"11":{"start":{"line":26,"column":20},"end":{"line":26,"column":32}},"12":{"start":{"line":29,"column":12},"end":{"line":31,"column":14}},"13":{"start":{"line":30,"column":16},"end":{"line":30,"column":44}},"14":{"start":{"line":32,"column":12},"end":{"line":40,"column":13}},"15":{"start":{"line":33,"column":16},"end":{"line":39,"column":18}},"16":{"start":{"line":34,"column":20},"end":{"line":38,"column":21}},"17":{"start":{"line":35,"column":24},"end":{"line":35,"column":80}},"18":{"start":{"line":35,"column":55},"end":{"line":35,"column":79}},"19":{"start":{"line":36,"column":24},"end":{"line":36,"column":72}},"20":{"start":{"line":37,"column":24},"end":{"line":37,"column":59}},"21":{"start":{"line":45,"column":25},"end":{"line":45,"column":56}},"22":{"start":{"line":45,"column":48},"end":{"line":45,"column":55}},"23":{"start":{"line":46,"column":8},"end":{"line":46,"column":46}},"24":{"start":{"line":50,"column":22},"end":{"line":50,"column":118}},"25":{"start":{"line":50,"column":53},"end":{"line":50,"column":117}},"26":{"start":{"line":51,"column":8},"end":{"line":51,"column":40}},"27":{"start":{"line":56,"column":30},"end":{"line":56,"column":74}},"28":{"start":{"line":56,"column":61},"end":{"line":56,"column":73}},"29":{"start":{"line":57,"column":8},"end":{"line":57,"column":56}},"30":{"start":{"line":61,"column":28},"end":{"line":61,"column":70}},"31":{"start":{"line":61,"column":59},"end":{"line":61,"column":69}},"32":{"start":{"line":62,"column":8},"end":{"line":62,"column":52}},"33":{"start":{"line":66,"column":25},"end":{"line":66,"column":87}},"34":{"start":{"line":66,"column":59},"end":{"line":66,"column":86}},"35":{"start":{"line":67,"column":8},"end":{"line":67,"column":46}},"36":{"start":{"line":71,"column":8},"end":{"line":71,"column":122}},"37":{"start":{"line":71,"column":47},"end":{"line":71,"column":121}}},"fnMap":{"0":{"name":"(anonymous_0)","decl":{"start":{"line":4,"column":4},"end":{"line":4,"column":5}},"loc":{"start":{"line":4,"column":18},"end":{"line":6,"column":5}},"line":4},"1":{"name":"(anonymous_1)","decl":{"start":{"line":8,"column":4},"end":{"line":8,"column":5}},"loc":{"start":{"line":8,"column":21},"end":{"line":10,"column":5}},"line":8},"2":{"name":"(anonymous_2)","decl":{"start":{"line":9,"column":31},"end":{"line":9,"column":32}},"loc":{"start":{"line":9,"column":36},"end":{"line":9,"column":46}},"line":9},"3":{"name":"(anonymous_3)","decl":{"start":{"line":12,"column":4},"end":{"line":12,"column":5}},"loc":{"start":{"line":12,"column":18},"end":{"line":14,"column":5}},"line":12},"4":{"name":"(anonymous_4)","decl":{"start":{"line":13,"column":33},"end":{"line":13,"column":34}},"loc":{"start":{"line":13,"column":38},"end":{"line":13,"column":48}},"line":13},"5":{"name":"(anonymous_5)","decl":{"start":{"line":16,"column":4},"end":{"line":16,"column":5}},"loc":{"start":{"line":16,"column":22},"end":{"line":19,"column":5}},"line":16},"6":{"name":"(anonymous_6)","decl":{"start":{"line":21,"column":4},"end":{"line":21,"column":5}},"loc":{"start":{"line":21,"column":38},"end":{"line":42,"column":5}},"line":21},"7":{"name":"(anonymous_7)","decl":{"start":{"line":24,"column":40},"end":{"line":24,"column":41}},"loc":{"start":{"line":24,"column":48},"end":{"line":27,"column":17}},"line":24},"8":{"name":"(anonymous_8)","decl":{"start":{"line":29,"column":39},"end":{"line":29,"column":40}},"loc":{"start":{"line":29,"column":47},"end":{"line":31,"column":13}},"line":29},"9":{"name":"(anonymous_9)","decl":{"start":{"line":33,"column":51},"end":{"line":33,"column":52}},"loc":{"start":{"line":33,"column":59},"end":{"line":39,"column":17}},"line":33},"10":{"name":"(anonymous_10)","decl":{"start":{"line":35,"column":49},"end":{"line":35,"column":50}},"loc":{"start":{"line":35,"column":55},"end":{"line":35,"column":79}},"line":35},"11":{"name":"(anonymous_11)","decl":{"start":{"line":44,"column":4},"end":{"line":44,"column":5}},"loc":{"start":{"line":44,"column":15},"end":{"line":47,"column":5}},"line":44},"12":{"name":"(anonymous_12)","decl":{"start":{"line":45,"column":43},"end":{"line":45,"column":44}},"loc":{"start":{"line":45,"column":48},"end":{"line":45,"column":55}},"line":45},"13":{"name":"(anonymous_13)","decl":{"start":{"line":49,"column":4},"end":{"line":49,"column":5}},"loc":{"start":{"line":49,"column":26},"end":{"line":52,"column":5}},"line":49},"14":{"name":"(anonymous_14)","decl":{"start":{"line":50,"column":48},"end":{"line":50,"column":49}},"loc":{"start":{"line":50,"column":53},"end":{"line":50,"column":117}},"line":50},"15":{"name":"(anonymous_15)","decl":{"start":{"line":55,"column":4},"end":{"line":55,"column":5}},"loc":{"start":{"line":55,"column":20},"end":{"line":58,"column":5}},"line":55},"16":{"name":"(anonymous_16)","decl":{"start":{"line":56,"column":56},"end":{"line":56,"column":57}},"loc":{"start":{"line":56,"column":61},"end":{"line":56,"column":73}},"line":56},"17":{"name":"(anonymous_17)","decl":{"start":{"line":60,"column":4},"end":{"line":60,"column":5}},"loc":{"start":{"line":60,"column":18},"end":{"line":63,"column":5}},"line":60},"18":{"name":"(anonymous_18)","decl":{"start":{"line":61,"column":54},"end":{"line":61,"column":55}},"loc":{"start":{"line":61,"column":59},"end":{"line":61,"column":69}},"line":61},"19":{"name":"(anonymous_19)","decl":{"start":{"line":65,"column":4},"end":{"line":65,"column":5}},"loc":{"start":{"line":65,"column":15},"end":{"line":68,"column":5}},"line":65},"20":{"name":"(anonymous_20)","decl":{"start":{"line":66,"column":51},"end":{"line":66,"column":52}},"loc":{"start":{"line":66,"column":59},"end":{"line":66,"column":86}},"line":66},"21":{"name":"(anonymous_21)","decl":{"start":{"line":70,"column":4},"end":{"line":70,"column":5}},"loc":{"start":{"line":70,"column":19},"end":{"line":72,"column":5}},"line":70},"22":{"name":"(anonymous_22)","decl":{"start":{"line":71,"column":39},"end":{"line":71,"column":40}},"loc":{"start":{"line":71,"column":47},"end":{"line":71,"column":121}},"line":71}},"branchMap":{"0":{"loc":{"start":{"line":22,"column":8},"end":{"line":41,"column":9}},"type":"if","locations":[{"start":{"line":22,"column":8},"end":{"line":41,"column":9}},{"start":{"line":22,"column":8},"end":{"line":41,"column":9}}],"line":22},"1":{"loc":{"start":{"line":23,"column":12},"end":{"line":28,"column":13}},"type":"if","locations":[{"start":{"line":23,"column":12},"end":{"line":28,"column":13}},{"start":{"line":23,"column":12},"end":{"line":28,"column":13}}],"line":23},"2":{"loc":{"start":{"line":32,"column":12},"end":{"line":40,"column":13}},"type":"if","locations":[{"start":{"line":32,"column":12},"end":{"line":40,"column":13}},{"start":{"line":32,"column":12},"end":{"line":40,"column":13}}],"line":32},"3":{"loc":{"start":{"line":34,"column":20},"end":{"line":38,"column":21}},"type":"if","locations":[{"start":{"line":34,"column":20},"end":{"line":38,"column":21}},{"start":{"line":34,"column":20},"end":{"line":38,"column":21}}],"line":34},"4":{"loc":{"start":{"line":46,"column":15},"end":{"line":46,"column":46}},"type":"binary-expr","locations":[{"start":{"line":46,"column":15},"end":{"line":46,"column":34}},{"start":{"line":46,"column":38},"end":{"line":46,"column":46}}],"line":46},"5":{"loc":{"start":{"line":50,"column":53},"end":{"line":50,"column":117}},"type":"binary-expr","locations":[{"start":{"line":50,"column":54},"end":{"line":50,"column":65}},{"start":{"line":50,"column":69},"end":{"line":50,"column":85}},{"start":{"line":50,"column":91},"end":{"line":50,"column":116}}],"line":50},"6":{"loc":{"start":{"line":51,"column":15},"end":{"line":51,"column":40}},"type":"binary-expr","locations":[{"start":{"line":51,"column":15},"end":{"line":51,"column":31}},{"start":{"line":51,"column":35},"end":{"line":51,"column":40}}],"line":51},"7":{"loc":{"start":{"line":57,"column":15},"end":{"line":57,"column":56}},"type":"binary-expr","locations":[{"start":{"line":57,"column":15},"end":{"line":57,"column":39}},{"start":{"line":57,"column":43},"end":{"line":57,"column":56}}],"line":57},"8":{"loc":{"start":{"line":62,"column":15},"end":{"line":62,"column":52}},"type":"binary-expr","locations":[{"start":{"line":62,"column":15},"end":{"line":62,"column":37}},{"start":{"line":62,"column":41},"end":{"line":62,"column":52}}],"line":62},"9":{"loc":{"start":{"line":67,"column":15},"end":{"line":67,"column":46}},"type":"binary-expr","locations":[{"start":{"line":67,"column":15},"end":{"line":67,"column":34}},{"start":{"line":67,"column":38},"end":{"line":67,"column":46}}],"line":67},"10":{"loc":{"start":{"line":71,"column":47},"end":{"line":71,"column":121}},"type":"binary-expr","locations":[{"start":{"line":71,"column":48},"end":{"line":71,"column":62}},{"start":{"line":71,"column":66},"end":{"line":71,"column":85}},{"start":{"line":71,"column":91},"end":{"line":71,"column":120}}],"line":71}},"s":{"0":17,"1":7,"2":5,"3":19,"4":19,"5":7,"6":7,"7":5,"8":4,"9":1,"10":1,"11":1,"12":4,"13":4,"14":4,"15":2,"16":2,"17":1,"18":1,"19":1,"20":1,"21":5,"22":5,"23":5,"24":6,"25":6,"26":6,"27":2,"28":2,"29":2,"30":2,"31":2,"32":2,"33":2,"34":2,"35":2,"36":2,"37":2},"f":{"0":17,"1":7,"2":5,"3":19,"4":19,"5":7,"6":5,"7":1,"8":4,"9":2,"10":1,"11":5,"12":5,"13":6,"14":6,"15":2,"16":2,"17":2,"18":2,"19":2,"20":2,"21":2,"22":2},"b":{"0":[4,1],"1":[1,3],"2":[2,2],"3":[1,1],"4":[5,2],"5":[6,6,4],"6":[6,4],"7":[2,1],"8":[2,1],"9":[2,1],"10":[2,1,1]},"_coverageSchema":"1a1c01bbd47fc00a2c39e90264f33305004495a9","hash":"1bb02149fad947640621ef4da1d99d1a2a9a7d83"}
}
