TN:
SF:src/display/emptyGymHash.js
FN:1,(anonymous_0)
FNF:1
FNH:1
FNDA:2,(anonymous_0)
DA:1,2
DA:2,2
DA:3,2
DA:4,2
DA:5,2
DA:6,2
DA:7,2
DA:8,2
DA:9,2
DA:10,2
DA:11,2
DA:12,2
DA:13,2
DA:14,2
DA:15,2
DA:16,2
DA:17,2
DA:18,2
DA:19,2
DA:20,2
DA:21,2
DA:22,2
DA:23,2
DA:24,2
DA:25,2
DA:26,2
DA:28,2
DA:59,2
DA:61,2
DA:62,2
DA:67,2
DA:68,2
DA:69,2
DA:70,2
LF:34
LH:34
BRF:0
BRH:0
end_of_record
TN:
SF:src/models/game.js
FN:2,(anonymous_0)
FN:9,(anonymous_1)
FN:13,(anonymous_2)
FN:17,(anonymous_3)
FN:21,(anonymous_4)
FNF:5
FNH:5
FNDA:4,(anonymous_0)
FNDA:1,(anonymous_1)
FNDA:1,(anonymous_2)
FNDA:1,(anonymous_3)
FNDA:1,(anonymous_4)
DA:3,4
DA:4,4
DA:5,4
DA:6,4
DA:10,1
DA:14,1
DA:18,1
DA:22,1
LF:8
LH:8
BRF:0
BRH:0
end_of_record
TN:
SF:src/models/grenade.js
FN:10,(anonymous_0)
FN:18,(anonymous_1)
FN:22,(anonymous_2)
FN:36,(anonymous_3)
FN:52,(anonymous_4)
FN:92,(anonymous_5)
FN:96,(anonymous_6)
FN:103,(anonymous_7)
FN:104,(anonymous_8)
FN:106,(anonymous_9)
FN:107,(anonymous_10)
FN:112,(anonymous_11)
FN:121,(anonymous_12)
FN:122,(anonymous_13)
FN:123,(anonymous_14)
FN:125,(anonymous_15)
FN:126,(anonymous_16)
FN:128,(anonymous_17)
FN:129,(anonymous_18)
FN:131,(anonymous_19)
FN:132,(anonymous_20)
FN:134,(anonymous_21)
FN:135,(anonymous_22)
FN:137,(anonymous_23)
FN:141,(anonymous_24)
FN:149,(anonymous_25)
FN:210,(anonymous_26)
FN:240,(anonymous_27)
FN:244,(anonymous_28)
FN:250,(anonymous_29)
FNF:30
FNH:25
FNDA:2,(anonymous_0)
FNDA:0,(anonymous_1)
FNDA:2,(anonymous_2)
FNDA:2,(anonymous_3)
FNDA:0,(anonymous_4)
FNDA:0,(anonymous_5)
FNDA:2,(anonymous_6)
FNDA:6,(anonymous_7)
FNDA:18,(anonymous_8)
FNDA:4,(anonymous_9)
FNDA:22,(anonymous_10)
FNDA:2,(anonymous_11)
FNDA:4,(anonymous_12)
FNDA:4,(anonymous_13)
FNDA:8,(anonymous_14)
FNDA:6,(anonymous_15)
FNDA:12,(anonymous_16)
FNDA:4,(anonymous_17)
FNDA:8,(anonymous_18)
FNDA:4,(anonymous_19)
FNDA:8,(anonymous_20)
FNDA:4,(anonymous_21)
FNDA:8,(anonymous_22)
FNDA:48,(anonymous_23)
FNDA:41,(anonymous_24)
FNDA:6,(anonymous_25)
FNDA:6,(anonymous_26)
FNDA:3,(anonymous_27)
FNDA:0,(anonymous_28)
FNDA:0,(anonymous_29)
DA:4,1
DA:11,2
DA:12,2
DA:13,2
DA:14,2
DA:15,2
DA:18,2
DA:19,0
DA:22,2
DA:23,2
DA:24,2
DA:25,2
DA:26,0
DA:27,0
DA:28,0
DA:29,0
DA:31,0
DA:33,2
DA:36,2
DA:37,2
DA:38,2
DA:62,0
DA:63,0
DA:65,0
DA:66,0
DA:68,0
DA:69,0
DA:71,0
DA:72,0
DA:74,0
DA:75,0
DA:77,0
DA:78,0
DA:80,0
DA:81,0
DA:83,0
DA:84,0
DA:85,0
DA:87,0
DA:88,0
DA:92,2
DA:93,0
DA:96,2
DA:97,2
DA:98,2
DA:99,2
DA:100,2
DA:101,2
DA:102,2
DA:103,2
DA:104,18
DA:106,4
DA:107,2
DA:108,22
DA:112,2
DA:113,2
DA:114,2
DA:115,2
DA:116,2
DA:117,2
DA:118,2
DA:119,2
DA:120,2
DA:121,4
DA:122,2
DA:123,8
DA:125,2
DA:126,12
DA:128,2
DA:129,8
DA:131,2
DA:132,8
DA:134,2
DA:135,8
DA:137,2
DA:138,48
DA:140,2
DA:141,2
DA:142,41
DA:149,2
DA:150,6
DA:152,6
DA:153,0
DA:155,6
DA:157,0
DA:158,0
DA:159,0
DA:160,0
DA:161,0
DA:162,0
DA:164,0
DA:166,0
DA:167,0
DA:169,0
DA:171,0
DA:172,0
DA:173,0
DA:174,0
DA:175,0
DA:176,0
DA:178,0
DA:180,0
DA:181,0
DA:183,0
DA:185,0
DA:186,0
DA:187,0
DA:188,0
DA:189,0
DA:190,0
DA:192,0
DA:194,0
DA:195,0
DA:197,0
DA:199,0
DA:200,0
DA:201,0
DA:202,0
DA:203,0
DA:204,0
DA:206,0
DA:210,2
DA:211,6
DA:212,6
DA:214,6
DA:215,6
DA:217,0
DA:218,0
DA:220,0
DA:221,0
DA:223,0
DA:224,0
DA:226,0
DA:227,0
DA:229,0
DA:230,0
DA:232,0
DA:233,0
DA:235,0
DA:236,0
DA:240,2
DA:241,6
DA:244,2
DA:245,0
DA:246,0
DA:247,0
DA:251,0
LF:147
LH:65
BRDA:24,0,0,2
BRDA:24,0,1,0
BRDA:26,1,0,0
BRDA:26,1,1,0
BRDA:28,2,0,0
BRDA:28,2,1,0
BRDA:63,3,0,0
BRDA:63,3,1,0
BRDA:63,3,2,0
BRDA:63,3,3,0
BRDA:63,3,4,0
BRDA:63,3,5,0
BRDA:63,3,6,0
BRDA:63,3,7,0
BRDA:108,4,0,22
BRDA:108,4,1,22
BRDA:108,4,2,22
BRDA:108,4,3,22
BRDA:138,5,0,48
BRDA:138,5,1,48
BRDA:138,5,2,41
BRDA:138,5,3,41
BRDA:143,6,0,41
BRDA:143,6,1,33
BRDA:143,7,0,41
BRDA:143,7,1,16
BRDA:144,8,0,33
BRDA:144,8,1,21
BRDA:150,9,0,6
BRDA:150,9,1,0
BRDA:150,9,2,0
BRDA:150,9,3,0
BRDA:150,9,4,0
BRDA:150,9,5,0
BRDA:150,9,6,0
BRDA:150,9,7,0
BRDA:152,10,0,0
BRDA:152,10,1,6
BRDA:157,11,0,0
BRDA:157,11,1,0
BRDA:157,12,0,0
BRDA:157,12,1,0
BRDA:159,13,0,0
BRDA:159,13,1,0
BRDA:161,14,0,0
BRDA:161,14,1,0
BRDA:166,15,0,0
BRDA:166,15,1,0
BRDA:171,16,0,0
BRDA:171,16,1,0
BRDA:171,17,0,0
BRDA:171,17,1,0
BRDA:173,18,0,0
BRDA:173,18,1,0
BRDA:175,19,0,0
BRDA:175,19,1,0
BRDA:180,20,0,0
BRDA:180,20,1,0
BRDA:185,21,0,0
BRDA:185,21,1,0
BRDA:185,22,0,0
BRDA:185,22,1,0
BRDA:187,23,0,0
BRDA:187,23,1,0
BRDA:189,24,0,0
BRDA:189,24,1,0
BRDA:194,25,0,0
BRDA:194,25,1,0
BRDA:199,26,0,0
BRDA:199,26,1,0
BRDA:199,27,0,0
BRDA:199,27,1,0
BRDA:201,28,0,0
BRDA:201,28,1,0
BRDA:203,29,0,0
BRDA:203,29,1,0
BRDA:212,30,0,6
BRDA:212,30,1,0
BRDA:212,30,2,0
BRDA:212,30,3,0
BRDA:212,30,4,0
BRDA:212,30,5,0
BRDA:212,30,6,0
BRDA:212,30,7,0
BRDA:251,31,0,0
BRDA:251,31,1,0
BRF:86
BRH:18
end_of_record
TN:
SF:src/models/movement.js
FN:4,(anonymous_0)
FN:8,(anonymous_1)
FN:16,(anonymous_2)
FN:24,(anonymous_3)
FN:32,(anonymous_4)
FN:40,(anonymous_5)
FN:45,(anonymous_6)
FN:50,(anonymous_7)
FN:55,(anonymous_8)
FNF:9
FNH:9
FNDA:21,(anonymous_0)
FNDA:10,(anonymous_1)
FNDA:4,(anonymous_2)
FNDA:4,(anonymous_3)
FNDA:4,(anonymous_4)
FNDA:1,(anonymous_5)
FNDA:1,(anonymous_6)
FNDA:1,(anonymous_7)
FNDA:1,(anonymous_8)
DA:5,21
DA:9,10
DA:10,1
DA:12,9
DA:17,4
DA:18,1
DA:20,3
DA:25,4
DA:26,1
DA:28,3
DA:33,4
DA:34,1
DA:36,3
DA:41,1
DA:42,1
DA:46,1
DA:47,1
DA:51,1
DA:52,1
DA:56,1
DA:57,1
LF:21
LH:21
BRDA:9,0,0,1
BRDA:9,0,1,9
BRDA:17,1,0,1
BRDA:17,1,1,3
BRDA:25,2,0,1
BRDA:25,2,1,3
BRDA:33,3,0,1
BRDA:33,3,1,3
BRF:8
BRH:8
end_of_record
TN:
SF:src/models/user.js
FN:5,(anonymous_0)
FN:17,(anonymous_1)
FN:21,(anonymous_2)
FN:25,(anonymous_3)
FN:26,(anonymous_4)
FN:27,(anonymous_5)
FN:35,(anonymous_6)
FN:39,(anonymous_7)
FN:43,(anonymous_8)
FNF:9
FNH:9
FNDA:7,(anonymous_0)
FNDA:1,(anonymous_1)
FNDA:1,(anonymous_2)
FNDA:2,(anonymous_3)
FNDA:4,(anonymous_4)
FNDA:54,(anonymous_5)
FNDA:1,(anonymous_6)
FNDA:1,(anonymous_7)
FNDA:1,(anonymous_8)
DA:6,7
DA:7,7
DA:8,7
DA:9,7
DA:10,7
DA:11,7
DA:12,7
DA:13,7
DA:14,7
DA:18,1
DA:22,1
DA:26,2
DA:27,54
DA:29,2
DA:30,1
DA:32,1
DA:36,1
DA:40,1
DA:44,1
DA:45,1
DA:46,1
LF:21
LH:21
BRDA:27,0,0,54
BRDA:27,0,1,8
BRDA:29,1,0,1
BRDA:29,1,1,1
BRDA:29,2,0,2
BRDA:29,2,1,2
BRF:6
BRH:6
end_of_record
