TN:
SF:src/display/emptyGymHash.js
FN:1,(anonymous_0)
FNF:1
FNH:1
FNDA:17,(anonymous_0)
DA:1,7
DA:2,17
DA:3,17
DA:4,17
DA:5,17
DA:6,17
DA:7,17
DA:8,17
DA:9,17
DA:10,17
DA:11,17
DA:12,17
DA:13,17
DA:14,17
DA:15,17
DA:16,17
DA:17,17
DA:18,17
DA:19,17
DA:20,17
DA:21,17
DA:22,17
DA:23,17
DA:24,17
DA:25,17
DA:26,17
DA:28,17
DA:59,7
DA:61,7
DA:62,7
DA:67,7
DA:68,7
DA:69,7
DA:70,7
LF:34
LH:34
BRF:0
BRH:0
end_of_record
TN:
SF:src/helpers/distanceBetween.js
FN:1,(anonymous_0)
FN:3,(anonymous_1)
FN:5,(anonymous_2)
FNF:3
FNH:3
FNDA:11,(anonymous_0)
FNDA:11,(anonymous_1)
FNDA:2,(anonymous_2)
DA:1,11
DA:3,11
DA:5,5
DA:6,2
DA:7,2
DA:8,2
LF:6
LH:6
BRF:0
BRH:0
end_of_record
TN:
SF:src/helpers/shuffle.js
FN:1,(anonymous_0)
FNF:1
FNH:1
FNDA:13,(anonymous_0)
DA:1,4
DA:2,13
DA:3,13
DA:4,247
DA:5,247
DA:6,247
DA:7,247
DA:8,247
DA:10,13
LF:9
LH:9
BRF:0
BRH:0
end_of_record
TN:
SF:src/models/badger.js
FN:8,(anonymous_0)
FN:15,(anonymous_1)
FN:36,(anonymous_2)
FN:40,(anonymous_3)
FN:44,(anonymous_4)
FN:50,(anonymous_5)
FN:51,(anonymous_6)
FN:52,(anonymous_7)
FNF:8
FNH:8
FNDA:29,(anonymous_0)
FNDA:9,(anonymous_1)
FNDA:1,(anonymous_2)
FNDA:3,(anonymous_3)
FNDA:24,(anonymous_4)
FNDA:5,(anonymous_5)
FNDA:113,(anonymous_6)
FNDA:28,(anonymous_7)
DA:9,29
DA:10,29
DA:11,29
DA:12,29
DA:16,9
DA:17,9
DA:19,9
DA:20,2
DA:21,1
DA:22,7
DA:23,2
DA:24,1
DA:25,5
DA:26,4
DA:27,3
DA:28,2
DA:29,2
DA:30,2
DA:32,2
DA:37,1
DA:41,3
DA:45,24
DA:46,24
DA:47,24
DA:50,29
DA:51,113
DA:52,28
LF:27
LH:27
BRDA:19,0,0,2
BRDA:19,0,1,7
BRDA:20,1,0,1
BRDA:20,1,1,1
BRDA:22,2,0,2
BRDA:22,2,1,5
BRDA:23,3,0,1
BRDA:23,3,1,1
BRDA:25,4,0,2
BRDA:25,4,1,3
BRDA:25,5,0,5
BRDA:25,5,1,3
BRDA:27,6,0,1
BRDA:27,6,1,2
BRDA:27,7,0,3
BRDA:27,7,1,1
BRDA:29,8,0,1
BRDA:29,8,1,1
BRDA:29,9,0,2
BRDA:29,9,1,2
BRDA:51,10,0,5
BRDA:51,10,1,5
BRDA:51,11,0,113
BRDA:51,11,1,8
BRDA:52,12,0,28
BRDA:52,12,1,9
BRF:26
BRH:26
end_of_record
TN:
SF:src/models/badgers.js
FN:29,(anonymous_0)
FN:33,(anonymous_1)
FN:35,(anonymous_2)
FN:43,(anonymous_3)
FN:43,(anonymous_4)
FN:45,(anonymous_5)
FN:45,(anonymous_6)
FN:47,(anonymous_7)
FN:47,(anonymous_8)
FN:49,(anonymous_9)
FN:49,(anonymous_10)
FN:51,(anonymous_11)
FN:52,(anonymous_12)
FN:67,(anonymous_13)
FN:68,(anonymous_14)
FN:71,(anonymous_15)
FN:72,(anonymous_16)
FN:79,(anonymous_17)
FN:81,(anonymous_18)
FNF:19
FNH:17
FNDA:13,(anonymous_0)
FNDA:13,(anonymous_1)
FNDA:23,(anonymous_2)
FNDA:28,(anonymous_3)
FNDA:50,(anonymous_4)
FNDA:1,(anonymous_5)
FNDA:2,(anonymous_6)
FNDA:1,(anonymous_7)
FNDA:3,(anonymous_8)
FNDA:0,(anonymous_9)
FNDA:0,(anonymous_10)
FNDA:1,(anonymous_11)
FNDA:2,(anonymous_12)
FNDA:2,(anonymous_13)
FNDA:4,(anonymous_14)
FNDA:1,(anonymous_15)
FNDA:3,(anonymous_16)
FNDA:3,(anonymous_17)
FNDA:3,(anonymous_18)
DA:5,4
DA:30,13
DA:33,13
DA:34,13
DA:35,13
DA:36,23
DA:37,23
DA:38,23
DA:39,23
DA:43,50
DA:45,13
DA:47,13
DA:49,13
DA:51,13
DA:52,1
DA:53,2
DA:54,1
DA:55,1
DA:56,1
DA:58,1
DA:67,13
DA:68,4
DA:71,13
DA:72,1
DA:73,3
DA:74,1
DA:79,13
DA:80,3
DA:81,3
DA:82,3
DA:83,2
DA:84,2
DA:88,3
LF:33
LH:33
BRDA:47,0,0,3
BRDA:47,0,1,2
BRDA:53,1,0,1
BRDA:53,1,1,1
BRDA:73,2,0,1
BRDA:73,2,1,2
BRDA:82,3,0,2
BRDA:82,3,1,1
BRDA:88,4,0,3
BRDA:88,4,1,2
BRF:10
BRH:10
end_of_record
TN:
SF:src/models/game.js
FN:2,(anonymous_0)
FN:9,(anonymous_1)
FN:13,(anonymous_2)
FN:17,(anonymous_3)
FN:21,(anonymous_4)
FNF:5
FNH:5
FNDA:4,(anonymous_0)
FNDA:1,(anonymous_1)
FNDA:1,(anonymous_2)
FNDA:1,(anonymous_3)
FNDA:1,(anonymous_4)
DA:3,4
DA:4,4
DA:5,4
DA:6,4
DA:10,1
DA:14,1
DA:18,1
DA:22,1
LF:8
LH:8
BRF:0
BRH:0
end_of_record
TN:
SF:src/models/grenade.js
FN:10,(anonymous_0)
FN:18,(anonymous_1)
FN:22,(anonymous_2)
FN:36,(anonymous_3)
FN:52,(anonymous_4)
FN:92,(anonymous_5)
FN:96,(anonymous_6)
FN:103,(anonymous_7)
FN:104,(anonymous_8)
FN:106,(anonymous_9)
FN:107,(anonymous_10)
FN:112,(anonymous_11)
FN:121,(anonymous_12)
FN:122,(anonymous_13)
FN:123,(anonymous_14)
FN:125,(anonymous_15)
FN:126,(anonymous_16)
FN:128,(anonymous_17)
FN:129,(anonymous_18)
FN:131,(anonymous_19)
FN:132,(anonymous_20)
FN:134,(anonymous_21)
FN:135,(anonymous_22)
FN:137,(anonymous_23)
FN:141,(anonymous_24)
FN:149,(anonymous_25)
FN:210,(anonymous_26)
FN:240,(anonymous_27)
FN:244,(anonymous_28)
FN:250,(anonymous_29)
FNF:30
FNH:30
FNDA:20,(anonymous_0)
FNDA:1,(anonymous_1)
FNDA:36,(anonymous_2)
FNDA:8,(anonymous_3)
FNDA:8,(anonymous_4)
FNDA:1,(anonymous_5)
FNDA:12,(anonymous_6)
FNDA:36,(anonymous_7)
FNDA:108,(anonymous_8)
FNDA:24,(anonymous_9)
FNDA:132,(anonymous_10)
FNDA:10,(anonymous_11)
FNDA:20,(anonymous_12)
FNDA:20,(anonymous_13)
FNDA:40,(anonymous_14)
FNDA:30,(anonymous_15)
FNDA:60,(anonymous_16)
FNDA:20,(anonymous_17)
FNDA:40,(anonymous_18)
FNDA:20,(anonymous_19)
FNDA:40,(anonymous_20)
FNDA:20,(anonymous_21)
FNDA:40,(anonymous_22)
FNDA:240,(anonymous_23)
FNDA:215,(anonymous_24)
FNDA:42,(anonymous_25)
FNDA:26,(anonymous_26)
FNDA:9,(anonymous_27)
FNDA:1,(anonymous_28)
FNDA:1,(anonymous_29)
DA:4,5
DA:11,20
DA:12,20
DA:13,20
DA:14,20
DA:15,20
DA:18,20
DA:19,1
DA:22,20
DA:23,36
DA:24,36
DA:25,19
DA:26,17
DA:27,11
DA:28,6
DA:29,3
DA:31,3
DA:33,36
DA:36,20
DA:37,8
DA:38,8
DA:62,8
DA:63,8
DA:65,1
DA:66,1
DA:68,1
DA:69,1
DA:71,1
DA:72,1
DA:74,1
DA:75,1
DA:77,1
DA:78,1
DA:80,1
DA:81,1
DA:83,1
DA:84,1
DA:85,1
DA:87,1
DA:88,1
DA:92,20
DA:93,1
DA:96,20
DA:97,12
DA:98,12
DA:99,12
DA:100,12
DA:101,12
DA:102,12
DA:103,12
DA:104,108
DA:106,24
DA:107,12
DA:108,132
DA:112,20
DA:113,10
DA:114,10
DA:115,10
DA:116,10
DA:117,10
DA:118,10
DA:119,10
DA:120,10
DA:121,20
DA:122,10
DA:123,40
DA:125,10
DA:126,60
DA:128,10
DA:129,40
DA:131,10
DA:132,40
DA:134,10
DA:135,40
DA:137,10
DA:138,240
DA:140,10
DA:141,10
DA:142,215
DA:149,20
DA:150,42
DA:152,20
DA:153,1
DA:155,20
DA:157,4
DA:158,1
DA:159,3
DA:160,1
DA:161,2
DA:162,1
DA:164,4
DA:166,2
DA:167,1
DA:169,2
DA:171,4
DA:172,1
DA:173,3
DA:174,1
DA:175,2
DA:176,1
DA:178,4
DA:180,2
DA:181,1
DA:183,2
DA:185,4
DA:186,1
DA:187,3
DA:188,1
DA:189,2
DA:190,1
DA:192,4
DA:194,2
DA:195,1
DA:197,2
DA:199,4
DA:200,1
DA:201,3
DA:202,1
DA:203,2
DA:204,1
DA:206,4
DA:210,20
DA:211,26
DA:212,26
DA:214,19
DA:215,19
DA:217,1
DA:218,1
DA:220,1
DA:221,1
DA:223,1
DA:224,1
DA:226,1
DA:227,1
DA:229,1
DA:230,1
DA:232,1
DA:233,1
DA:235,1
DA:236,1
DA:240,20
DA:241,18
DA:244,20
DA:245,1
DA:246,1
DA:247,1
DA:251,1
LF:147
LH:147
BRDA:24,0,0,19
BRDA:24,0,1,17
BRDA:26,1,0,11
BRDA:26,1,1,6
BRDA:28,2,0,3
BRDA:28,2,1,3
BRDA:63,3,0,1
BRDA:63,3,1,1
BRDA:63,3,2,1
BRDA:63,3,3,1
BRDA:63,3,4,1
BRDA:63,3,5,1
BRDA:63,3,6,1
BRDA:63,3,7,1
BRDA:108,4,0,132
BRDA:108,4,1,132
BRDA:108,4,2,132
BRDA:108,4,3,132
BRDA:138,5,0,240
BRDA:138,5,1,240
BRDA:138,5,2,226
BRDA:138,5,3,226
BRDA:143,6,0,215
BRDA:143,6,1,177
BRDA:143,7,0,215
BRDA:143,7,1,76
BRDA:144,8,0,177
BRDA:144,8,1,120
BRDA:150,9,0,20
BRDA:150,9,1,4
BRDA:150,9,2,2
BRDA:150,9,3,4
BRDA:150,9,4,2
BRDA:150,9,5,4
BRDA:150,9,6,2
BRDA:150,9,7,4
BRDA:152,10,0,1
BRDA:152,10,1,19
BRDA:157,11,0,1
BRDA:157,11,1,3
BRDA:157,12,0,4
BRDA:157,12,1,2
BRDA:159,13,0,1
BRDA:159,13,1,2
BRDA:161,14,0,1
BRDA:161,14,1,1
BRDA:166,15,0,1
BRDA:166,15,1,1
BRDA:171,16,0,1
BRDA:171,16,1,3
BRDA:171,17,0,4
BRDA:171,17,1,2
BRDA:173,18,0,1
BRDA:173,18,1,2
BRDA:175,19,0,1
BRDA:175,19,1,1
BRDA:180,20,0,1
BRDA:180,20,1,1
BRDA:185,21,0,1
BRDA:185,21,1,3
BRDA:185,22,0,4
BRDA:185,22,1,2
BRDA:187,23,0,1
BRDA:187,23,1,2
BRDA:189,24,0,1
BRDA:189,24,1,1
BRDA:194,25,0,1
BRDA:194,25,1,1
BRDA:199,26,0,1
BRDA:199,26,1,3
BRDA:199,27,0,4
BRDA:199,27,1,2
BRDA:201,28,0,1
BRDA:201,28,1,2
BRDA:203,29,0,1
BRDA:203,29,1,1
BRDA:212,30,0,19
BRDA:212,30,1,1
BRDA:212,30,2,1
BRDA:212,30,3,1
BRDA:212,30,4,1
BRDA:212,30,5,1
BRDA:212,30,6,1
BRDA:212,30,7,1
BRDA:251,31,0,1
BRDA:251,31,1,1
BRF:86
BRH:86
end_of_record
TN:
SF:src/models/gym.js
FN:4,(anonymous_0)
FN:8,(anonymous_1)
FN:12,(anonymous_2)
FN:17,(anonymous_3)
FN:22,(anonymous_4)
FN:23,(anonymous_5)
FN:29,(anonymous_6)
FN:37,(anonymous_7)
FN:38,(anonymous_8)
FN:43,(anonymous_9)
FN:47,(anonymous_10)
FN:56,(anonymous_11)
FN:60,(anonymous_12)
FN:61,(anonymous_13)
FN:66,(anonymous_14)
FN:68,(anonymous_15)
FNF:16
FNH:16
FNDA:10,(anonymous_0)
FNDA:14,(anonymous_1)
FNDA:1,(anonymous_2)
FNDA:3,(anonymous_3)
FNDA:3,(anonymous_4)
FNDA:3,(anonymous_5)
FNDA:4,(anonymous_6)
FNDA:1,(anonymous_7)
FNDA:2,(anonymous_8)
FNDA:2,(anonymous_9)
FNDA:1,(anonymous_10)
FNDA:1,(anonymous_11)
FNDA:4,(anonymous_12)
FNDA:40,(anonymous_13)
FNDA:2,(anonymous_14)
FNDA:25,(anonymous_15)
DA:5,10
DA:9,14
DA:13,1
DA:14,1
DA:18,3
DA:19,2
DA:23,3
DA:24,3
DA:25,2
DA:30,4
DA:31,1
DA:32,3
DA:33,3
DA:38,1
DA:39,2
DA:44,2
DA:48,1
DA:49,4
DA:50,3
DA:51,2
DA:52,1
DA:57,1
DA:61,4
DA:62,40
DA:67,2
DA:68,2
DA:69,25
LF:27
LH:27
BRDA:18,0,0,1
BRDA:18,0,1,2
BRDA:24,1,0,1
BRDA:24,1,1,2
BRDA:30,2,0,1
BRDA:30,2,1,3
BRDA:30,3,0,4
BRDA:30,3,1,4
BRDA:32,4,0,3
BRDA:32,4,1,0
BRDA:32,5,0,3
BRDA:32,5,1,3
BRDA:49,6,0,1
BRDA:49,6,1,3
BRDA:50,7,0,1
BRDA:50,7,1,2
BRDA:51,8,0,1
BRDA:51,8,1,1
BRF:18
BRH:17
end_of_record
TN:
SF:src/models/movement.js
FN:4,(anonymous_0)
FN:8,(anonymous_1)
FN:16,(anonymous_2)
FN:24,(anonymous_3)
FN:32,(anonymous_4)
FN:40,(anonymous_5)
FN:45,(anonymous_6)
FN:50,(anonymous_7)
FN:55,(anonymous_8)
FNF:9
FNH:9
FNDA:89,(anonymous_0)
FNDA:30,(anonymous_1)
FNDA:14,(anonymous_2)
FNDA:12,(anonymous_3)
FNDA:14,(anonymous_4)
FNDA:4,(anonymous_5)
FNDA:6,(anonymous_6)
FNDA:4,(anonymous_7)
FNDA:4,(anonymous_8)
DA:5,89
DA:9,30
DA:10,1
DA:12,29
DA:17,14
DA:18,1
DA:20,13
DA:25,12
DA:26,1
DA:28,11
DA:33,14
DA:34,1
DA:36,13
DA:41,4
DA:42,4
DA:46,6
DA:47,6
DA:51,4
DA:52,4
DA:56,4
DA:57,4
LF:21
LH:21
BRDA:9,0,0,1
BRDA:9,0,1,29
BRDA:17,1,0,1
BRDA:17,1,1,13
BRDA:25,2,0,1
BRDA:25,2,1,11
BRDA:33,3,0,1
BRDA:33,3,1,13
BRF:8
BRH:8
end_of_record
TN:
SF:src/models/shot.js
FN:5,(anonymous_0)
FN:12,(anonymous_1)
FN:31,(anonymous_2)
FN:41,(anonymous_3)
FN:66,(anonymous_4)
FN:74,(anonymous_5)
FN:75,(anonymous_6)
FNF:7
FNH:7
FNDA:8,(anonymous_0)
FNDA:7,(anonymous_1)
FNDA:3,(anonymous_2)
FNDA:9,(anonymous_3)
FNDA:1,(anonymous_4)
FNDA:7,(anonymous_5)
FNDA:13,(anonymous_6)
DA:6,8
DA:7,8
DA:8,8
DA:9,8
DA:12,8
DA:13,7
DA:14,7
DA:16,4
DA:17,4
DA:19,1
DA:20,1
DA:22,1
DA:23,1
DA:25,1
DA:26,1
DA:28,7
DA:32,3
DA:33,3
DA:37,3
DA:38,3
DA:42,9
DA:43,9
DA:44,1
DA:46,8
DA:47,5
DA:49,8
DA:50,7
DA:51,3
DA:52,2
DA:53,1
DA:54,7
DA:55,1
DA:56,1
DA:62,6
DA:65,1
DA:66,1
DA:67,1
DA:69,1
DA:75,7
DA:76,13
DA:77,13
DA:78,1
DA:79,1
LF:43
LH:43
BRDA:14,0,0,4
BRDA:14,0,1,1
BRDA:14,0,2,1
BRDA:14,0,3,1
BRDA:43,1,0,1
BRDA:43,1,1,8
BRDA:46,2,0,5
BRDA:46,2,1,3
BRDA:49,3,0,7
BRDA:49,3,1,1
BRDA:50,4,0,4
BRDA:50,4,1,3
BRDA:51,5,0,1
BRDA:51,5,1,2
BRDA:52,6,0,1
BRDA:52,6,1,1
BRDA:53,7,0,1
BRDA:53,7,1,0
BRDA:54,8,0,1
BRDA:54,8,1,6
BRDA:54,9,0,7
BRDA:54,9,1,6
BRDA:54,9,2,6
BRDA:54,9,3,6
BRDA:65,10,0,1
BRDA:65,10,1,0
BRDA:77,11,0,1
BRDA:77,11,1,12
BRDA:77,12,0,13
BRDA:77,12,1,1
BRF:30
BRH:28
end_of_record
TN:
SF:src/models/user.js
FN:5,(anonymous_0)
FN:17,(anonymous_1)
FN:21,(anonymous_2)
FN:25,(anonymous_3)
FN:26,(anonymous_4)
FN:27,(anonymous_5)
FN:35,(anonymous_6)
FN:39,(anonymous_7)
FN:43,(anonymous_8)
FNF:9
FNH:9
FNDA:20,(anonymous_0)
FNDA:1,(anonymous_1)
FNDA:1,(anonymous_2)
FNDA:3,(anonymous_3)
FNDA:6,(anonymous_4)
FNDA:89,(anonymous_5)
FNDA:1,(anonymous_6)
FNDA:1,(anonymous_7)
FNDA:1,(anonymous_8)
DA:6,20
DA:7,20
DA:8,20
DA:9,20
DA:10,20
DA:11,20
DA:12,20
DA:13,20
DA:14,20
DA:18,1
DA:22,1
DA:26,3
DA:27,89
DA:29,3
DA:30,1
DA:32,2
DA:36,1
DA:40,1
DA:44,1
DA:45,1
DA:46,1
LF:21
LH:21
BRDA:27,0,0,89
BRDA:27,0,1,8
BRDA:29,1,0,1
BRDA:29,1,1,2
BRDA:29,2,0,3
BRDA:29,2,1,3
BRF:6
BRH:6
end_of_record
